#
# A fatal error has been detected by the Java Runtime Environment:
#
#  SIGSEGV (0xb) at pc=0x00007fd95e8b2a26, pid=10777, tid=140571321530112
#
# JRE version: OpenJDK Runtime Environment (7.0_75-b13) (build 1.7.0_75-b13)
# Java VM: OpenJDK 64-Bit Server VM (24.75-b04 mixed mode linux-amd64 compressed oops)
# Derivative: IcedTea 2.5.4
# Distribution: Ubuntu 14.04 LTS, package 7u75-2.5.4-1~trusty1
# Problematic frame:
# V  [libjvm.so+0x93ea26]  interpretedVFrame::monitors() const+0x1b6
#
# Failed to write core dump. Core dumps have been disabled. To enable core dumping, try "ulimit -c unlimited" before starting Java again
#
# If you would like to submit a bug report, please include
# instructions on how to reproduce the bug and visit:
#   http://icedtea.classpath.org/bugzilla
#

---------------  T H R E A D  ---------------

Current thread (0x00007fd9580ac000):  JavaThread "JDWP Transport Listener: dt_socket" daemon [_thread_in_vm, id=10790, stack(0x00007fd94f9f7000,0x00007fd94faf8000)]

siginfo:si_signo=SIGSEGV: si_errno=0, si_code=2 (SEGV_ACCERR), si_addr=0x00007fd95fa88ff0

Registers:
RAX=0x00000000cc0df320, RBX=0x00007fd93400b5c0, RCX=0x000000000000fc9c, RDX=0x000000000000fc9b
RSP=0x00007fd94faf6170, RBP=0x00007fd94faf6210, RSI=0x0000000000000000, RDI=0x0000000000000020
R8 =0x00007fd938236d70, R9 =0x0000000000236000, R10=0x0000000000000022, R11=0x0000000038000001
R12=0x00007fd93400bbc0, R13=0x00007fd95fa88fe8, R14=0x00007fd94faf61b0, R15=0x0000000000000000
RIP=0x00007fd95e8b2a26, EFLAGS=0x0000000000010246, CSGSFS=0x0000000000000033, ERR=0x0000000000000004
  TRAPNO=0x000000000000000e

Top of Stack: (sp=0x00007fd94faf6170)
0x00007fd94faf6170:   00007fd9580a41b0 00007fd938175ad0
0x00007fd94faf6180:   00007fd95fb859b8 00007fd9545c10d8
0x00007fd94faf6190:   00007fd9545c0310 00007fd900000000
0x00007fd94faf61a0:   00007fd95fb859f8 00007fd95fb859b8
0x00007fd94faf61b0:   00007fd95fb859b8 00007fd9545c10d8
0x00007fd94faf61c0:   00007fd9545c0310 00007fd900000000
0x00007fd94faf61d0:   00007fd95fb859f8 00007fd95fb859b8
0x00007fd94faf61e0:   00007fd94faf6270 00007fd9580a41b0
0x00007fd94faf61f0:   00007fd95ed29e38 0000000000000000
0x00007fd94faf6200:   00007fd938008ed0 00007fd95800d800
0x00007fd94faf6210:   00007fd94faf62f0 00007fd95e60ba96
0x00007fd94faf6220:   00007fd93400b5c0 00007fd93400b5c0
0x00007fd94faf6230:   00007fd94faf6250 00007fd95e8b3c5e
0x00007fd94faf6240:   00000000000083b0 0000000100000001
0x00007fd94faf6250:   00007fd9580ac000 00007fd934012f98
0x00007fd94faf6260:   00007fd93400bbc0 00007fd95800d800
0x00007fd94faf6270:   00007fd93400afb0 00007fd94faf6390
0x00007fd94faf6280:   00007fd958003980 00007fd9580a41b0
0x00007fd94faf6290:   00007fd94faf62f0 00007fd95e870bd9
0x00007fd94faf62a0:   00007fd95fb85968 0000000000000001
0x00007fd94faf62b0:   00007fd95ed29e38 00007fd95800d800
0x00007fd94faf62c0:   00007fd938008ed0 0000000000000001
0x00007fd94faf62d0:   00007fd95ed29e38 00007fd95800d800
0x00007fd94faf62e0:   00007fd938008ed0 00007fd93400b5c0
0x00007fd94faf62f0:   00007fd94faf6980 00007fd95e60bee5
0x00007fd94faf6300:   00000000000003d8 00007fd9580a41b0
0x00007fd94faf6310:   00007fd94faf6350 00007fd9580acd08
0x00007fd94faf6320:   00007fd9580ac930 00007fd94faf6390
0x00007fd94faf6330:   00007fd938008ed0 00007fd9580ac920
0x00007fd94faf6340:   00007fd9580ac000 00007fd958003980
0x00007fd94faf6350:   00007fd9580ac000 00007fd9580acd10
0x00007fd94faf6360:   00007fd9580acd50 00007fd9580acd60 

Instructions: (pc=0x00007fd95e8b2a26)
0x00007fd95e8b2a06:   89 45 c0 48 8b 43 30 48 89 45 c8 e8 2a 47 bd ff
0x00007fd95e8b2a16:   49 39 c5 0f 82 f9 00 00 00 31 f6 bf 20 00 00 00
0x00007fd95e8b2a26:   4d 8b 7d 08 e8 61 20 f1 ff 48 85 c0 49 89 c0 74
0x00007fd95e8b2a36:   17 4c 89 38 48 c7 40 10 00 00 00 00 4c 89 68 08 

Register to memory mapping:

RAX=
[error occurred during error reporting (printing register info), id 0xb]

Stack: [0x00007fd94f9f7000,0x00007fd94faf8000],  sp=0x00007fd94faf6170,  free space=1020k
Native frames: (J=compiled Java code, j=interpreted, Vv=VM code, C=native code)
V  [libjvm.so+0x93ea26]  interpretedVFrame::monitors() const+0x1b6
V  [libjvm.so+0x697a96]  JvmtiEnvBase::get_locked_objects_in_frame(JavaThread*, JavaThread*, javaVFrame*, GrowableArray<_jvmtiMonitorStackDepthInfo*>*, int)+0x76
V  [libjvm.so+0x697ee5]  JvmtiEnvBase::get_owned_monitors(JavaThread*, JavaThread*, GrowableArray<_jvmtiMonitorStackDepthInfo*>*)+0x115
V  [libjvm.so+0x68d8f6]  JvmtiEnv::GetOwnedMonitorInfo(JavaThread*, int*, _jobject***)+0xe6
V  [libjvm.so+0x643fbf]  jvmti_GetOwnedMonitorInfo+0x21f
C  [libjdwp.so+0x9f26]
C  [libjdwp.so+0x11688]
C  [libjdwp.so+0x23795]
V  [libjvm.so+0x6aa50b]  JvmtiAgentThread::start_function_wrapper(JavaThread*, Thread*)+0x9b
V  [libjvm.so+0x900940]  JavaThread::thread_main_inner()+0xf0
V  [libjvm.so+0x900bb1]  JavaThread::run()+0x221
V  [libjvm.so+0x7c4a42]  java_start(Thread*)+0xf2


---------------  P R O C E S S  ---------------

Java Threads: ( => current thread )
  0x00007fd9580b7000 JavaThread "Service Thread" daemon [_thread_blocked, id=10800, stack(0x00007fd94f4f2000,0x00007fd94f5f3000)]
  0x00007fd9580b4800 JavaThread "C2 CompilerThread1" daemon [_thread_blocked, id=10799, stack(0x00007fd94f5f3000,0x00007fd94f6f4000)]
  0x00007fd9580b2000 JavaThread "C2 CompilerThread0" daemon [_thread_blocked, id=10798, stack(0x00007fd94f6f4000,0x00007fd94f7f5000)]
  0x00007fd938001000 JavaThread "JDWP Command Reader" daemon [_thread_in_native, id=10794, stack(0x00007fd94f7f5000,0x00007fd94f8f6000)]
  0x00007fd9580af800 JavaThread "JDWP Event Helper Thread" daemon [_thread_blocked, id=10793, stack(0x00007fd94f8f6000,0x00007fd94f9f7000)]
=>0x00007fd9580ac000 JavaThread "JDWP Transport Listener: dt_socket" daemon [_thread_in_vm, id=10790, stack(0x00007fd94f9f7000,0x00007fd94faf8000)]
  0x00007fd95809f800 JavaThread "Signal Dispatcher" daemon [_thread_blocked, id=10788, stack(0x00007fd94fcfd000,0x00007fd94fdfe000)]
  0x00007fd958075000 JavaThread "Finalizer" daemon [_thread_blocked, id=10787, stack(0x00007fd94fdfe000,0x00007fd94feff000)]
  0x00007fd958073000 JavaThread "Reference Handler" daemon [_thread_blocked, id=10786, stack(0x00007fd94feff000,0x00007fd950000000)]
  0x00007fd95800d800 JavaThread "main" [_thread_blocked, id=10783, stack(0x00007fd95fa86000,0x00007fd95fb87000)]

Other Threads:
  0x00007fd95806f000 VMThread [stack: 0x00007fd9540bb000,0x00007fd9541bc000] [id=10785]
  0x00007fd9580c2000 WatcherThread [stack: 0x00007fd94f3f1000,0x00007fd94f4f2000] [id=10801]

VM state:not at safepoint (normal execution)

VM Mutex/Monitor currently owned by a thread: None

Heap
 def new generation   total 8512K, used 931K [0x00000000cc000000, 0x00000000cc930000, 0x00000000d9e00000)
  eden space 7616K,  12% used [0x00000000cc000000, 0x00000000cc0e8f10, 0x00000000cc770000)
  from space 896K,   0% used [0x00000000cc770000, 0x00000000cc770000, 0x00000000cc850000)
  to   space 896K,   0% used [0x00000000cc850000, 0x00000000cc850000, 0x00000000cc930000)
 tenured generation   total 18816K, used 0K [0x00000000d9e00000, 0x00000000db060000, 0x00000000f5a00000)
   the space 18816K,   0% used [0x00000000d9e00000, 0x00000000d9e00000, 0x00000000d9e00200, 0x00000000db060000)
 compacting perm gen  total 21248K, used 3594K [0x00000000f5a00000, 0x00000000f6ec0000, 0x0000000100000000)
   the space 21248K,  16% used [0x00000000f5a00000, 0x00000000f5d82870, 0x00000000f5d82a00, 0x00000000f6ec0000)
No shared spaces configured.

Card table byte_map: [0x00007fd95c02d000,0x00007fd95c1ce000] byte_map_base: 0x00007fd95b9cd000

Polling page: 0x00007fd95fba5000

Code Cache  [0x00007fd9545bb000, 0x00007fd95482b000, 0x00007fd9575bb000)
 total_blobs=188 nmethods=1 adapters=150 free_code_cache=48765Kb largest_free_block=49919040

Compilation events (2 events):
Event: 0,514 Thread 0x00007fd9580b2000    1             java.lang.String::indexOf (70 bytes)
Event: 0,525 Thread 0x00007fd9580b2000 nmethod 1 0x00007fd95461a4d0 code [0x00007fd95461a620, 0x00007fd95461a7e8]

GC Heap History (0 events):
No events

Deoptimization events (0 events):
No events

Internal exceptions (10 events):
Event: 0,450 Thread 0x00007fd95800d800 Threw 0x00000000cc09ec00 at /build/buildd/openjdk-7-7u75-2.5.4/build/openjdk/hotspot/src/share/vm/prims/jvm.cpp:1284
Event: 0,496 Thread 0x00007fd95800d800 Threw 0x00000000cc0bc7b8 at /build/buildd/openjdk-7-7u75-2.5.4/build/openjdk/hotspot/src/share/vm/prims/jvm.cpp:1284
Event: 0,496 Thread 0x00007fd95800d800 Threw 0x00000000cc0bc8e0 at /build/buildd/openjdk-7-7u75-2.5.4/build/openjdk/hotspot/src/share/vm/prims/jvm.cpp:1284
Event: 0,497 Thread 0x00007fd95800d800 Threw 0x00000000cc0bee90 at /build/buildd/openjdk-7-7u75-2.5.4/build/openjdk/hotspot/src/share/vm/prims/jvm.cpp:1284
Event: 0,497 Thread 0x00007fd95800d800 Threw 0x00000000cc0befb8 at /build/buildd/openjdk-7-7u75-2.5.4/build/openjdk/hotspot/src/share/vm/prims/jvm.cpp:1284
Event: 0,497 Thread 0x00007fd95800d800 Threw 0x00000000cc0bf8b8 at /build/buildd/openjdk-7-7u75-2.5.4/build/openjdk/hotspot/src/share/vm/prims/jvm.cpp:1284
Event: 0,498 Thread 0x00007fd95800d800 Threw 0x00000000cc0bf9e0 at /build/buildd/openjdk-7-7u75-2.5.4/build/openjdk/hotspot/src/share/vm/prims/jvm.cpp:1284
Event: 2,542 Thread 0x00007fd95800d800 Threw 0x00000000cc0d8ea0 at /build/buildd/openjdk-7-7u75-2.5.4/build/openjdk/hotspot/src/share/vm/prims/jvm.cpp:1284
Event: 52,542 Thread 0x00007fd95800d800 Threw 0x00000000cc0dbf68 at /build/buildd/openjdk-7-7u75-2.5.4/build/openjdk/hotspot/src/share/vm/prims/jvm.cpp:1284
Event: 52,559 Thread 0x00007fd95800d800 Threw 0x00000000cc0dd838 at /build/buildd/openjdk-7-7u75-2.5.4/build/openjdk/hotspot/src/share/vm/prims/jvm.cpp:1284

Events (10 events):
Event: 312,509 Executing VM operation: RedefineClasses
Event: 312,509 Executing VM operation: RedefineClasses done
Event: 312,538 Executing VM operation: EnterInterpOnlyMode
Event: 312,538 Executing VM operation: EnterInterpOnlyMode done
Event: 312,538 Executing VM operation: GetCurrentLocation
Event: 312,538 Executing VM operation: GetCurrentLocation done
Event: 312,538 Executing VM operation: ChangeSingleStep
Event: 312,538 Executing VM operation: ChangeSingleStep done
Event: 312,539 Executing VM operation: ChangeSingleStep
Event: 312,539 Executing VM operation: ChangeSingleStep done


Dynamic libraries:
00400000-00401000 r-xp 00000000 08:01 447103                             /usr/lib/jvm/java-7-openjdk-amd64/jre/bin/java
00600000-00601000 r--p 00000000 08:01 447103                             /usr/lib/jvm/java-7-openjdk-amd64/jre/bin/java
00601000-00602000 rw-p 00001000 08:01 447103                             /usr/lib/jvm/java-7-openjdk-amd64/jre/bin/java
02019000-0203a000 rw-p 00000000 00:00 0                                  [heap]
cc000000-cc930000 rw-p 00000000 00:00 0 
cc930000-d9e00000 rw-p 00000000 00:00 0 
d9e00000-db060000 rw-p 00000000 00:00 0 
db060000-f5a00000 rw-p 00000000 00:00 0 
f5a00000-f6ec0000 rw-p 00000000 00:00 0 
f6ec0000-100000000 rw-p 00000000 00:00 0 
7fd920000000-7fd920021000 rw-p 00000000 00:00 0 
7fd920021000-7fd924000000 ---p 00000000 00:00 0 
7fd928000000-7fd928021000 rw-p 00000000 00:00 0 
7fd928021000-7fd92c000000 ---p 00000000 00:00 0 
7fd92c000000-7fd92c021000 rw-p 00000000 00:00 0 
7fd92c021000-7fd930000000 ---p 00000000 00:00 0 
7fd930000000-7fd930021000 rw-p 00000000 00:00 0 
7fd930021000-7fd934000000 ---p 00000000 00:00 0 
7fd934000000-7fd934066000 rw-p 00000000 00:00 0 
7fd934066000-7fd938000000 ---p 00000000 00:00 0 
7fd938000000-7fd93823e000 rw-p 00000000 00:00 0 
7fd93823e000-7fd93c000000 ---p 00000000 00:00 0 
7fd93c000000-7fd93c021000 rw-p 00000000 00:00 0 
7fd93c021000-7fd940000000 ---p 00000000 00:00 0 
7fd940000000-7fd940021000 rw-p 00000000 00:00 0 
7fd940021000-7fd944000000 ---p 00000000 00:00 0 
7fd944000000-7fd944021000 rw-p 00000000 00:00 0 
7fd944021000-7fd948000000 ---p 00000000 00:00 0 
7fd948000000-7fd948021000 rw-p 00000000 00:00 0 
7fd948021000-7fd94c000000 ---p 00000000 00:00 0 
7fd94f116000-7fd94f3f1000 rw-p 00000000 00:00 0 
7fd94f3f1000-7fd94f3f2000 ---p 00000000 00:00 0 
7fd94f3f2000-7fd94f4f2000 rw-p 00000000 00:00 0                          [stack:10801]
7fd94f4f2000-7fd94f4f5000 ---p 00000000 00:00 0 
7fd94f4f5000-7fd94f5f3000 rw-p 00000000 00:00 0                          [stack:10800]
7fd94f5f3000-7fd94f5f6000 ---p 00000000 00:00 0 
7fd94f5f6000-7fd94f6f4000 rw-p 00000000 00:00 0                          [stack:10799]
7fd94f6f4000-7fd94f6f7000 ---p 00000000 00:00 0 
7fd94f6f7000-7fd94f7f5000 rw-p 00000000 00:00 0                          [stack:10798]
7fd94f7f5000-7fd94f7f8000 ---p 00000000 00:00 0 
7fd94f7f8000-7fd94f8f6000 rw-p 00000000 00:00 0                          [stack:10794]
7fd94f8f6000-7fd94f8f9000 ---p 00000000 00:00 0 
7fd94f8f9000-7fd94f9f7000 rw-p 00000000 00:00 0                          [stack:10793]
7fd94f9f7000-7fd94f9fa000 ---p 00000000 00:00 0 
7fd94f9fa000-7fd94faf8000 rw-p 00000000 00:00 0                          [stack:10790]
7fd94faf8000-7fd94fafc000 r-xp 00000000 08:01 447098                     /usr/lib/jvm/java-7-openjdk-amd64/jre/lib/amd64/libdt_socket.so
7fd94fafc000-7fd94fcfb000 ---p 00004000 08:01 447098                     /usr/lib/jvm/java-7-openjdk-amd64/jre/lib/amd64/libdt_socket.so
7fd94fcfb000-7fd94fcfc000 r--p 00003000 08:01 447098                     /usr/lib/jvm/java-7-openjdk-amd64/jre/lib/amd64/libdt_socket.so
7fd94fcfc000-7fd94fcfd000 rw-p 00004000 08:01 447098                     /usr/lib/jvm/java-7-openjdk-amd64/jre/lib/amd64/libdt_socket.so
7fd94fcfd000-7fd94fd00000 ---p 00000000 00:00 0 
7fd94fd00000-7fd94fdfe000 rw-p 00000000 00:00 0                          [stack:10788]
7fd94fdfe000-7fd94fe01000 ---p 00000000 00:00 0 
7fd94fe01000-7fd94feff000 rw-p 00000000 00:00 0                          [stack:10787]
7fd94feff000-7fd94ff02000 ---p 00000000 00:00 0 
7fd94ff02000-7fd950000000 rw-p 00000000 00:00 0                          [stack:10786]
7fd950000000-7fd950021000 rw-p 00000000 00:00 0 
7fd950021000-7fd954000000 ---p 00000000 00:00 0 
7fd954041000-7fd9540bb000 rw-p 00000000 00:00 0 
7fd9540bb000-7fd9540bc000 ---p 00000000 00:00 0 
7fd9540bc000-7fd954205000 rw-p 00000000 00:00 0                          [stack:10785]
7fd954205000-7fd9543b7000 r--s 01d23000 08:01 447058                     /usr/lib/jvm/java-7-openjdk-amd64/jre/lib/rt.jar
7fd9543b7000-7fd954493000 rw-p 00000000 00:00 0 
7fd954493000-7fd9544dc000 rw-p 00000000 00:00 0 
7fd9544dc000-7fd9544e6000 rw-p 00000000 00:00 0 
7fd9544e6000-7fd9545bb000 rw-p 00000000 00:00 0 
7fd9545bb000-7fd95482b000 rwxp 00000000 00:00 0 
7fd95482b000-7fd9575bb000 rw-p 00000000 00:00 0 
7fd9575bb000-7fd9575c3000 r-xp 00000000 08:01 447100                     /usr/lib/jvm/java-7-openjdk-amd64/jre/lib/amd64/libzip.so
7fd9575c3000-7fd9577c2000 ---p 00008000 08:01 447100                     /usr/lib/jvm/java-7-openjdk-amd64/jre/lib/amd64/libzip.so
7fd9577c2000-7fd9577c3000 r--p 00007000 08:01 447100                     /usr/lib/jvm/java-7-openjdk-amd64/jre/lib/amd64/libzip.so
7fd9577c3000-7fd9577c4000 rw-p 00008000 08:01 447100                     /usr/lib/jvm/java-7-openjdk-amd64/jre/lib/amd64/libzip.so
7fd9577c4000-7fd9577cf000 r-xp 00000000 08:01 178852                     /lib/x86_64-linux-gnu/libnss_files-2.19.so
7fd9577cf000-7fd9579ce000 ---p 0000b000 08:01 178852                     /lib/x86_64-linux-gnu/libnss_files-2.19.so
7fd9579ce000-7fd9579cf000 r--p 0000a000 08:01 178852                     /lib/x86_64-linux-gnu/libnss_files-2.19.so
7fd9579cf000-7fd9579d0000 rw-p 0000b000 08:01 178852                     /lib/x86_64-linux-gnu/libnss_files-2.19.so
7fd9579d0000-7fd9579db000 r-xp 00000000 08:01 178849                     /lib/x86_64-linux-gnu/libnss_nis-2.19.so
7fd9579db000-7fd957bda000 ---p 0000b000 08:01 178849                     /lib/x86_64-linux-gnu/libnss_nis-2.19.so
7fd957bda000-7fd957bdb000 r--p 0000a000 08:01 178849                     /lib/x86_64-linux-gnu/libnss_nis-2.19.so
7fd957bdb000-7fd957bdc000 rw-p 0000b000 08:01 178849                     /lib/x86_64-linux-gnu/libnss_nis-2.19.so
7fd957bdc000-7fd957bf3000 r-xp 00000000 08:01 178843                     /lib/x86_64-linux-gnu/libnsl-2.19.so
7fd957bf3000-7fd957df2000 ---p 00017000 08:01 178843                     /lib/x86_64-linux-gnu/libnsl-2.19.so
7fd957df2000-7fd957df3000 r--p 00016000 08:01 178843                     /lib/x86_64-linux-gnu/libnsl-2.19.so
7fd957df3000-7fd957df4000 rw-p 00017000 08:01 178843                     /lib/x86_64-linux-gnu/libnsl-2.19.so
7fd957df4000-7fd957df6000 rw-p 00000000 00:00 0 
7fd957df6000-7fd957dff000 r-xp 00000000 08:01 178840                     /lib/x86_64-linux-gnu/libnss_compat-2.19.so
7fd957dff000-7fd957ffe000 ---p 00009000 08:01 178840                     /lib/x86_64-linux-gnu/libnss_compat-2.19.so
7fd957ffe000-7fd957fff000 r--p 00008000 08:01 178840                     /lib/x86_64-linux-gnu/libnss_compat-2.19.so
7fd957fff000-7fd958000000 rw-p 00009000 08:01 178840                     /lib/x86_64-linux-gnu/libnss_compat-2.19.so
7fd958000000-7fd958162000 rw-p 00000000 00:00 0 
7fd958162000-7fd95c000000 ---p 00000000 00:00 0 
7fd95c005000-7fd95c032000 rw-p 00000000 00:00 0 
7fd95c032000-7fd95c09c000 rw-p 00000000 00:00 0 
7fd95c09c000-7fd95c0a6000 rw-p 00000000 00:00 0 
7fd95c0a6000-7fd95c17a000 rw-p 00000000 00:00 0 
7fd95c17a000-7fd95c185000 rw-p 00000000 00:00 0 
7fd95c185000-7fd95c1cd000 rw-p 00000000 00:00 0 
7fd95c1cd000-7fd95c1ce000 rw-p 00000000 00:00 0 
7fd95c1ce000-7fd95cccd000 r--p 00000000 08:01 5199                       /usr/lib/locale/locale-archive
7fd95cccd000-7fd95ccd0000 r-xp 00000000 08:01 447067                     /usr/lib/jvm/java-7-openjdk-amd64/jre/lib/amd64/libnpt.so
7fd95ccd0000-7fd95cecf000 ---p 00003000 08:01 447067                     /usr/lib/jvm/java-7-openjdk-amd64/jre/lib/amd64/libnpt.so
7fd95cecf000-7fd95ced0000 r--p 00002000 08:01 447067                     /usr/lib/jvm/java-7-openjdk-amd64/jre/lib/amd64/libnpt.so
7fd95ced0000-7fd95ced1000 rw-p 00003000 08:01 447067                     /usr/lib/jvm/java-7-openjdk-amd64/jre/lib/amd64/libnpt.so
7fd95ced1000-7fd95cf0b000 r-xp 00000000 08:01 447073                     /usr/lib/jvm/java-7-openjdk-amd64/jre/lib/amd64/libjdwp.so
7fd95cf0b000-7fd95d10a000 ---p 0003a000 08:01 447073                     /usr/lib/jvm/java-7-openjdk-amd64/jre/lib/amd64/libjdwp.so
7fd95d10a000-7fd95d10b000 r--p 00039000 08:01 447073                     /usr/lib/jvm/java-7-openjdk-amd64/jre/lib/amd64/libjdwp.so
7fd95d10b000-7fd95d10c000 rw-p 0003a000 08:01 447073                     /usr/lib/jvm/java-7-openjdk-amd64/jre/lib/amd64/libjdwp.so
7fd95d10c000-7fd95d137000 r-xp 00000000 08:01 447085                     /usr/lib/jvm/java-7-openjdk-amd64/jre/lib/amd64/libjava.so
7fd95d137000-7fd95d337000 ---p 0002b000 08:01 447085                     /usr/lib/jvm/java-7-openjdk-amd64/jre/lib/amd64/libjava.so
7fd95d337000-7fd95d338000 r--p 0002b000 08:01 447085                     /usr/lib/jvm/java-7-openjdk-amd64/jre/lib/amd64/libjava.so
7fd95d338000-7fd95d33a000 rw-p 0002c000 08:01 447085                     /usr/lib/jvm/java-7-openjdk-amd64/jre/lib/amd64/libjava.so
7fd95d33a000-7fd95d34a000 r-xp 00000000 08:01 447084                     /usr/lib/jvm/java-7-openjdk-amd64/jre/lib/amd64/libverify.so
7fd95d34a000-7fd95d549000 ---p 00010000 08:01 447084                     /usr/lib/jvm/java-7-openjdk-amd64/jre/lib/amd64/libverify.so
7fd95d549000-7fd95d54b000 r--p 0000f000 08:01 447084                     /usr/lib/jvm/java-7-openjdk-amd64/jre/lib/amd64/libverify.so
7fd95d54b000-7fd95d54c000 rw-p 00011000 08:01 447084                     /usr/lib/jvm/java-7-openjdk-amd64/jre/lib/amd64/libverify.so
7fd95d54c000-7fd95d553000 r-xp 00000000 08:01 178835                     /lib/x86_64-linux-gnu/librt-2.19.so
7fd95d553000-7fd95d752000 ---p 00007000 08:01 178835                     /lib/x86_64-linux-gnu/librt-2.19.so
7fd95d752000-7fd95d753000 r--p 00006000 08:01 178835                     /lib/x86_64-linux-gnu/librt-2.19.so
7fd95d753000-7fd95d754000 rw-p 00007000 08:01 178835                     /lib/x86_64-linux-gnu/librt-2.19.so
7fd95d754000-7fd95d76a000 r-xp 00000000 08:01 137057                     /lib/x86_64-linux-gnu/libgcc_s.so.1
7fd95d76a000-7fd95d969000 ---p 00016000 08:01 137057                     /lib/x86_64-linux-gnu/libgcc_s.so.1
7fd95d969000-7fd95d96a000 rw-p 00015000 08:01 137057                     /lib/x86_64-linux-gnu/libgcc_s.so.1
7fd95d96a000-7fd95da6f000 r-xp 00000000 08:01 178842                     /lib/x86_64-linux-gnu/libm-2.19.so
7fd95da6f000-7fd95dc6e000 ---p 00105000 08:01 178842                     /lib/x86_64-linux-gnu/libm-2.19.so
7fd95dc6e000-7fd95dc6f000 r--p 00104000 08:01 178842                     /lib/x86_64-linux-gnu/libm-2.19.so
7fd95dc6f000-7fd95dc70000 rw-p 00105000 08:01 178842                     /lib/x86_64-linux-gnu/libm-2.19.so
7fd95dc70000-7fd95dd56000 r-xp 00000000 08:01 12137                      /usr/lib/x86_64-linux-gnu/libstdc++.so.6.0.19
7fd95dd56000-7fd95df55000 ---p 000e6000 08:01 12137                      /usr/lib/x86_64-linux-gnu/libstdc++.so.6.0.19
7fd95df55000-7fd95df5d000 r--p 000e5000 08:01 12137                      /usr/lib/x86_64-linux-gnu/libstdc++.so.6.0.19
7fd95df5d000-7fd95df5f000 rw-p 000ed000 08:01 12137                      /usr/lib/x86_64-linux-gnu/libstdc++.so.6.0.19
7fd95df5f000-7fd95df74000 rw-p 00000000 00:00 0 
7fd95df74000-7fd95ea8c000 r-xp 00000000 08:01 447089                     /usr/lib/jvm/java-7-openjdk-amd64/jre/lib/amd64/server/libjvm.so
7fd95ea8c000-7fd95ec8c000 ---p 00b18000 08:01 447089                     /usr/lib/jvm/java-7-openjdk-amd64/jre/lib/amd64/server/libjvm.so
7fd95ec8c000-7fd95ed26000 r--p 00b18000 08:01 447089                     /usr/lib/jvm/java-7-openjdk-amd64/jre/lib/amd64/server/libjvm.so
7fd95ed26000-7fd95ed49000 rw-p 00bb2000 08:01 447089                     /usr/lib/jvm/java-7-openjdk-amd64/jre/lib/amd64/server/libjvm.so
7fd95ed49000-7fd95ed77000 rw-p 00000000 00:00 0 
7fd95ed77000-7fd95ed8f000 r-xp 00000000 08:01 137241                     /lib/x86_64-linux-gnu/libz.so.1.2.8
7fd95ed8f000-7fd95ef8e000 ---p 00018000 08:01 137241                     /lib/x86_64-linux-gnu/libz.so.1.2.8
7fd95ef8e000-7fd95ef8f000 r--p 00017000 08:01 137241                     /lib/x86_64-linux-gnu/libz.so.1.2.8
7fd95ef8f000-7fd95ef90000 rw-p 00018000 08:01 137241                     /lib/x86_64-linux-gnu/libz.so.1.2.8
7fd95ef90000-7fd95efa9000 r-xp 00000000 08:01 178851                     /lib/x86_64-linux-gnu/libpthread-2.19.so
7fd95efa9000-7fd95f1a8000 ---p 00019000 08:01 178851                     /lib/x86_64-linux-gnu/libpthread-2.19.so
7fd95f1a8000-7fd95f1a9000 r--p 00018000 08:01 178851                     /lib/x86_64-linux-gnu/libpthread-2.19.so
7fd95f1a9000-7fd95f1aa000 rw-p 00019000 08:01 178851                     /lib/x86_64-linux-gnu/libpthread-2.19.so
7fd95f1aa000-7fd95f1ae000 rw-p 00000000 00:00 0 
7fd95f1ae000-7fd95f1b1000 r-xp 00000000 08:01 178838                     /lib/x86_64-linux-gnu/libdl-2.19.so
7fd95f1b1000-7fd95f3b0000 ---p 00003000 08:01 178838                     /lib/x86_64-linux-gnu/libdl-2.19.so
7fd95f3b0000-7fd95f3b1000 r--p 00002000 08:01 178838                     /lib/x86_64-linux-gnu/libdl-2.19.so
7fd95f3b1000-7fd95f3b2000 rw-p 00003000 08:01 178838                     /lib/x86_64-linux-gnu/libdl-2.19.so
7fd95f3b2000-7fd95f56d000 r-xp 00000000 08:01 178834                     /lib/x86_64-linux-gnu/libc-2.19.so
7fd95f56d000-7fd95f76d000 ---p 001bb000 08:01 178834                     /lib/x86_64-linux-gnu/libc-2.19.so
7fd95f76d000-7fd95f771000 r--p 001bb000 08:01 178834                     /lib/x86_64-linux-gnu/libc-2.19.so
7fd95f771000-7fd95f773000 rw-p 001bf000 08:01 178834                     /lib/x86_64-linux-gnu/libc-2.19.so
7fd95f773000-7fd95f778000 rw-p 00000000 00:00 0 
7fd95f778000-7fd95f785000 r-xp 00000000 08:01 447068                     /usr/lib/jvm/java-7-openjdk-amd64/jre/lib/amd64/jli/libjli.so
7fd95f785000-7fd95f984000 ---p 0000d000 08:01 447068                     /usr/lib/jvm/java-7-openjdk-amd64/jre/lib/amd64/jli/libjli.so
7fd95f984000-7fd95f985000 r--p 0000c000 08:01 447068                     /usr/lib/jvm/java-7-openjdk-amd64/jre/lib/amd64/jli/libjli.so
7fd95f985000-7fd95f986000 rw-p 0000d000 08:01 447068                     /usr/lib/jvm/java-7-openjdk-amd64/jre/lib/amd64/jli/libjli.so
7fd95f986000-7fd95f9a9000 r-xp 00000000 08:01 178832                     /lib/x86_64-linux-gnu/ld-2.19.so
7fd95f9c1000-7fd95f9c3000 rw-p 00000000 00:00 0 
7fd95f9c3000-7fd95f9c6000 r--s 0000f000 08:01 162168                     /usr/lib/jvm/java-7-openjdk-amd64/jre/lib/ext/icedtea-sound.jar
7fd95f9c6000-7fd95f9d0000 rw-p 00000000 00:00 0 
7fd95f9d0000-7fd95fa86000 rw-p 00000000 00:00 0 
7fd95fa86000-7fd95fa89000 ---p 00000000 00:00 0 
7fd95fa89000-7fd95fb8c000 rw-p 00000000 00:00 0                          [stack:10783]
7fd95fb8c000-7fd95fb8e000 r--s 00006000 08:01 180111                     /usr/share/java/java-atk-wrapper.jar
7fd95fb8e000-7fd95fb91000 r--s 00086000 08:01 162192                     /usr/lib/jvm/java-7-openjdk-amd64/jre/lib/ext/localedata.jar
7fd95fb91000-7fd95fb95000 r--s 00034000 08:01 162183                     /usr/lib/jvm/java-7-openjdk-amd64/jre/lib/ext/sunjce_provider.jar
7fd95fb95000-7fd95fb97000 r--s 00012000 08:01 162184                     /usr/lib/jvm/java-7-openjdk-amd64/jre/lib/ext/zipfs.jar
7fd95fb97000-7fd95fb98000 r--s 00002000 08:01 162189                     /usr/lib/jvm/java-7-openjdk-amd64/jre/lib/ext/dnsns.jar
7fd95fb98000-7fd95fb9c000 r--s 0003c000 08:01 162182                     /usr/lib/jvm/java-7-openjdk-amd64/jre/lib/ext/sunpkcs11.jar
7fd95fb9c000-7fd95fba4000 rw-s 00000000 08:01 279997                     /tmp/hsperfdata_stan/10777
7fd95fba4000-7fd95fba5000 rw-p 00000000 00:00 0 
7fd95fba5000-7fd95fba6000 r--p 00000000 00:00 0 
7fd95fba6000-7fd95fba8000 rw-p 00000000 00:00 0 
7fd95fba8000-7fd95fba9000 r--p 00022000 08:01 178832                     /lib/x86_64-linux-gnu/ld-2.19.so
7fd95fba9000-7fd95fbaa000 rw-p 00023000 08:01 178832                     /lib/x86_64-linux-gnu/ld-2.19.so
7fd95fbaa000-7fd95fbab000 rw-p 00000000 00:00 0 
7fff3c7f4000-7fff3c815000 rw-p 00000000 00:00 0                          [stack]
7fff3c8a3000-7fff3c8a5000 r-xp 00000000 00:00 0                          [vdso]
ffffffffff600000-ffffffffff601000 r-xp 00000000 00:00 0                  [vsyscall]

VM Arguments:
jvm_args: -agentlib:jdwp=transport=dt_socket,suspend=y,address=localhost:56135 -Dfile.encoding=UTF-8 
java_command: BullsAndCows
Launcher Type: SUN_STANDARD

Environment Variables:
JAVA_HOME=/usr/lib/jvm/java-8-oracle
PATH=/usr/local/sbin:/usr/local/bin:/usr/sbin:/usr/bin:/sbin:/bin:/usr/games:/usr/local/games:/usr/lib/jvm/java-8-oracle/bin:/usr/lib/jvm/java-8-oracle/db/bin:/usr/lib/jvm/java-8-oracle/jre/bin
SHELL=/bin/bash
DISPLAY=:0.0

Signal Handlers:
SIGSEGV: [libjvm.so+0x94b4b0], sa_mask[0]=0x7ffbfeff, sa_flags=0x10000004
SIGBUS: [libjvm.so+0x94b4b0], sa_mask[0]=0x7ffbfeff, sa_flags=0x10000004
SIGFPE: [libjvm.so+0x7c3390], sa_mask[0]=0x7ffbfeff, sa_flags=0x10000004
SIGPIPE: [libjvm.so+0x7c3390], sa_mask[0]=0x7ffbfeff, sa_flags=0x10000004
SIGXFSZ: [libjvm.so+0x7c3390], sa_mask[0]=0x7ffbfeff, sa_flags=0x10000004
SIGILL: [libjvm.so+0x7c3390], sa_mask[0]=0x7ffbfeff, sa_flags=0x10000004
SIGUSR1: SIG_DFL, sa_mask[0]=0x00000000, sa_flags=0x00000000
SIGUSR2: [libjvm.so+0x7c3230], sa_mask[0]=0x00000004, sa_flags=0x10000004
SIGHUP: [libjvm.so+0x7c3410], sa_mask[0]=0x7ffbfeff, sa_flags=0x10000004
SIGINT: [libjvm.so+0x7c3410], sa_mask[0]=0x7ffbfeff, sa_flags=0x10000004
SIGTERM: [libjvm.so+0x7c3410], sa_mask[0]=0x7ffbfeff, sa_flags=0x10000004
SIGQUIT: [libjvm.so+0x7c3410], sa_mask[0]=0x7ffbfeff, sa_flags=0x10000004
SIGTRAP: SIG_DFL, sa_mask[0]=0x00000000, sa_flags=0x00000000


---------------  S Y S T E M  ---------------

OS:Ubuntu 14.04 (trusty)
uname:Linux 3.13.0-44-generic #73-Ubuntu SMP Tue Dec 16 00:22:43 UTC 2014 x86_64
libc:glibc 2.19 NPTL 2.19 
rlimit: STACK 8192k, CORE 0k, NPROC 13942, NOFILE 4096, AS infinity
load average:0,08 0,12 0,12

/proc/meminfo:
MemTotal:        1806204 kB
MemFree:          499692 kB
Buffers:           70744 kB
Cached:           429780 kB
SwapCached:            0 kB
Active:           884560 kB
Inactive:         340288 kB
Active(anon):     725004 kB
Inactive(anon):     2364 kB
Active(file):     159556 kB
Inactive(file):   337924 kB
Unevictable:           0 kB
Mlocked:               0 kB
SwapTotal:       1047548 kB
SwapFree:        1047548 kB
Dirty:                40 kB
Writeback:             0 kB
AnonPages:        724192 kB
Mapped:            94828 kB
Shmem:              3128 kB
Slab:              39480 kB
SReclaimable:      23448 kB
SUnreclaim:        16032 kB
KernelStack:        2864 kB
PageTables:        16640 kB
NFS_Unstable:          0 kB
Bounce:                0 kB
WritebackTmp:          0 kB
CommitLimit:     1950648 kB
Committed_AS:    1584620 kB
VmallocTotal:   34359738367 kB
VmallocUsed:       94044 kB
VmallocChunk:   34359638904 kB
HardwareCorrupted:     0 kB
AnonHugePages:    493568 kB
HugePages_Total:       0
HugePages_Free:        0
HugePages_Rsvd:        0
HugePages_Surp:        0
Hugepagesize:       2048 kB
DirectMap4k:       42944 kB
DirectMap2M:     1808384 kB


CPU:total 2 (2 cores per cpu, 1 threads per core) family 6 model 37 stepping 2, cmov, cx8, fxsr, mmx, sse, sse2, sse3, ssse3, tsc

/proc/cpuinfo:
processor	: 0
vendor_id	: GenuineIntel
cpu family	: 6
model		: 37
model name	: Intel(R) Core(TM) i3 CPU       M 330  @ 2.13GHz
stepping	: 2
microcode	: 0x616
cpu MHz		: 2041.538
cache size	: 6144 KB
physical id	: 0
siblings	: 2
core id		: 0
cpu cores	: 2
apicid		: 0
initial apicid	: 0
fpu		: yes
fpu_exception	: yes
cpuid level	: 5
wp		: yes
flags		: fpu vme de pse tsc msr pae mce cx8 apic sep mtrr pge mca cmov pat pse36 clflush mmx fxsr sse sse2 ht syscall nx rdtscp lm constant_tsc rep_good nopl pni ssse3 lahf_lm
bogomips	: 4083.07
clflush size	: 64
cache_alignment	: 64
address sizes	: 36 bits physical, 48 bits virtual
power management:

processor	: 1
vendor_id	: GenuineIntel
cpu family	: 6
model		: 37
model name	: Intel(R) Core(TM) i3 CPU       M 330  @ 2.13GHz
stepping	: 2
microcode	: 0x616
cpu MHz		: 2041.538
cache size	: 6144 KB
physical id	: 0
siblings	: 2
core id		: 1
cpu cores	: 2
apicid		: 1
initial apicid	: 1
fpu		: yes
fpu_exception	: yes
cpuid level	: 5
wp		: yes
flags		: fpu vme de pse tsc msr pae mce cx8 apic sep mtrr pge mca cmov pat pse36 clflush mmx fxsr sse sse2 ht syscall nx rdtscp lm constant_tsc rep_good nopl pni ssse3 lahf_lm
bogomips	: 4083.07
clflush size	: 64
cache_alignment	: 64
address sizes	: 36 bits physical, 48 bits virtual
power management:



Memory: 4k page, physical 1806204k(499692k free), swap 1047548k(1047548k free)

vm_info: OpenJDK 64-Bit Server VM (24.75-b04) for linux-amd64 JRE (1.7.0_75-b13), built on Jan 27 2015 00:38:59 by "buildd" with gcc 4.8.2

time: Sun Feb  1 00:45:42 2015
elapsed time: 312 seconds

