#
# A fatal error has been detected by the Java Runtime Environment:
#
#  SIGSEGV (0xb) at pc=0x00007fd813731a26, pid=2852, tid=140565834327808
#
# JRE version: OpenJDK Runtime Environment (7.0_75-b13) (build 1.7.0_75-b13)
# Java VM: OpenJDK 64-Bit Server VM (24.75-b04 mixed mode linux-amd64 compressed oops)
# Derivative: IcedTea 2.5.4
# Distribution: Ubuntu 14.04 LTS, package 7u75-2.5.4-1~trusty1
# Problematic frame:
# V  [libjvm.so+0x93ea26]  interpretedVFrame::monitors() const+0x1b6
#
# Failed to write core dump. Core dumps have been disabled. To enable core dumping, try "ulimit -c unlimited" before starting Java again
#
# If you would like to submit a bug report, please include
# instructions on how to reproduce the bug and visit:
#   http://icedtea.classpath.org/bugzilla
#

---------------  T H R E A D  ---------------

Current thread (0x00007fd80c0ac000):  JavaThread "JDWP Transport Listener: dt_socket" daemon [_thread_in_vm, id=2865, stack(0x00007fd8088f6000,0x00007fd8089f7000)]

siginfo:si_signo=SIGSEGV: si_errno=0, si_code=2 (SEGV_ACCERR), si_addr=0x00007fd814907ff8

Registers:
RAX=0x00000000cc0e3910, RBX=0x00007fd7e404e190, RCX=0x000000000000fc94, RDX=0x000000000000fc93
RSP=0x00007fd8089f5170, RBP=0x00007fd8089f5210, RSI=0x0000000000000000, RDI=0x0000000000000020
R8 =0x00007fd7f8220d50, R9 =0x0000000000220000, R10=0x0000000000000022, R11=0x00000000f8000001
R12=0x00007fd7e404e790, R13=0x00007fd814907ff0, R14=0x00007fd8089f51b0, R15=0x0000000000000000
RIP=0x00007fd813731a26, EFLAGS=0x0000000000010246, CSGSFS=0x0000000000000033, ERR=0x0000000000000004
  TRAPNO=0x000000000000000e

Top of Stack: (sp=0x00007fd8089f5170)
0x00007fd8089f5170:   00007fd80c0a41b0 00007fd7f815fbb0
0x00007fd8089f5180:   00007fd814a04918 00007fd8090060d8
0x00007fd8089f5190:   00007fd809005310 0000000000000000
0x00007fd8089f51a0:   00007fd814a04980 00007fd814a04940
0x00007fd8089f51b0:   00007fd814a04918 00007fd8090060d8
0x00007fd8089f51c0:   00007fd809005310 0000000000000000
0x00007fd8089f51d0:   00007fd814a04980 00007fd814a04940
0x00007fd8089f51e0:   00007fd8089f5270 00007fd80c0a41b0
0x00007fd8089f51f0:   00007fd813ba8e38 0000000000000000
0x00007fd8089f5200:   00007fd7f8006170 00007fd80c00d800
0x00007fd8089f5210:   00007fd8089f52f0 00007fd81348aa96
0x00007fd8089f5220:   00007fd8089f5250 00007fd8089f52b0
0x00007fd8089f5230:   00007fd80c0ac930 000000000000001f
0x00007fd8089f5240:   00000000000083b0 00000001136efbd9
0x00007fd8089f5250:   00007fd80c0ac000 00007fd7e4055b68
0x00007fd8089f5260:   00007fd7e404e790 00007fd80c00d800
0x00007fd8089f5270:   00007fd7e404db80 00007fd8089f5390
0x00007fd8089f5280:   00007fd80c003980 00007fd80c0a41b0
0x00007fd8089f5290:   00007fd8089f52f0 00007fd8136efbd9
0x00007fd8089f52a0:   00007fd814a048c8 0000000000000001
0x00007fd8089f52b0:   00007fd813ba8e38 00007fd80c00d800
0x00007fd8089f52c0:   00007fd7f8006170 0000000000000001
0x00007fd8089f52d0:   00007fd813ba8e38 00007fd80c00d800
0x00007fd8089f52e0:   00007fd7f8006170 00007fd7e404e190
0x00007fd8089f52f0:   00007fd8089f5980 00007fd81348aee5
0x00007fd8089f5300:   00000000000003d8 00007fd80c0a41b0
0x00007fd8089f5310:   00007fd8089f5350 00007fd80c0acd08
0x00007fd8089f5320:   00007fd80c0ac930 00007fd8089f5390
0x00007fd8089f5330:   00007fd7f8006170 00007fd80c0ac920
0x00007fd8089f5340:   00007fd80c0ac000 00007fd80c003980
0x00007fd8089f5350:   00007fd80c0ac000 00007fd80c0acd10
0x00007fd8089f5360:   00007fd80c0acd50 00007fd80c0acd60 

Instructions: (pc=0x00007fd813731a26)
0x00007fd813731a06:   89 45 c0 48 8b 43 30 48 89 45 c8 e8 2a 47 bd ff
0x00007fd813731a16:   49 39 c5 0f 82 f9 00 00 00 31 f6 bf 20 00 00 00
0x00007fd813731a26:   4d 8b 7d 08 e8 61 20 f1 ff 48 85 c0 49 89 c0 74
0x00007fd813731a36:   17 4c 89 38 48 c7 40 10 00 00 00 00 4c 89 68 08 

Register to memory mapping:

RAX=
[error occurred during error reporting (printing register info), id 0xb]

Stack: [0x00007fd8088f6000,0x00007fd8089f7000],  sp=0x00007fd8089f5170,  free space=1020k
Native frames: (J=compiled Java code, j=interpreted, Vv=VM code, C=native code)
V  [libjvm.so+0x93ea26]  interpretedVFrame::monitors() const+0x1b6
V  [libjvm.so+0x697a96]  JvmtiEnvBase::get_locked_objects_in_frame(JavaThread*, JavaThread*, javaVFrame*, GrowableArray<_jvmtiMonitorStackDepthInfo*>*, int)+0x76
V  [libjvm.so+0x697ee5]  JvmtiEnvBase::get_owned_monitors(JavaThread*, JavaThread*, GrowableArray<_jvmtiMonitorStackDepthInfo*>*)+0x115
V  [libjvm.so+0x68d8f6]  JvmtiEnv::GetOwnedMonitorInfo(JavaThread*, int*, _jobject***)+0xe6
V  [libjvm.so+0x643fbf]  jvmti_GetOwnedMonitorInfo+0x21f
C  [libjdwp.so+0x9f26]
C  [libjdwp.so+0x11688]
C  [libjdwp.so+0x23795]
V  [libjvm.so+0x6aa50b]  JvmtiAgentThread::start_function_wrapper(JavaThread*, Thread*)+0x9b
V  [libjvm.so+0x900940]  JavaThread::thread_main_inner()+0xf0
V  [libjvm.so+0x900bb1]  JavaThread::run()+0x221
V  [libjvm.so+0x7c4a42]  java_start(Thread*)+0xf2


---------------  P R O C E S S  ---------------

Java Threads: ( => current thread )
  0x00007fd80c0b7000 JavaThread "Service Thread" daemon [_thread_blocked, id=2874, stack(0x00007fd8083f1000,0x00007fd8084f2000)]
  0x00007fd80c0b4800 JavaThread "C2 CompilerThread1" daemon [_thread_blocked, id=2872, stack(0x00007fd8084f2000,0x00007fd8085f3000)]
  0x00007fd80c0b2000 JavaThread "C2 CompilerThread0" daemon [_thread_blocked, id=2871, stack(0x00007fd8085f3000,0x00007fd8086f4000)]
  0x00007fd7f8001000 JavaThread "JDWP Command Reader" daemon [_thread_in_native, id=2869, stack(0x00007fd8086f4000,0x00007fd8087f5000)]
  0x00007fd80c0af800 JavaThread "JDWP Event Helper Thread" daemon [_thread_blocked, id=2868, stack(0x00007fd8087f5000,0x00007fd8088f6000)]
=>0x00007fd80c0ac000 JavaThread "JDWP Transport Listener: dt_socket" daemon [_thread_in_vm, id=2865, stack(0x00007fd8088f6000,0x00007fd8089f7000)]
  0x00007fd80c09f800 JavaThread "Signal Dispatcher" daemon [_thread_blocked, id=2863, stack(0x00007fd808bfc000,0x00007fd808cfd000)]
  0x00007fd80c075000 JavaThread "Finalizer" daemon [_thread_blocked, id=2862, stack(0x00007fd808cfd000,0x00007fd808dfe000)]
  0x00007fd80c073000 JavaThread "Reference Handler" daemon [_thread_blocked, id=2861, stack(0x00007fd808dfe000,0x00007fd808eff000)]
  0x00007fd80c00d800 JavaThread "main" [_thread_blocked, id=2858, stack(0x00007fd814905000,0x00007fd814a06000)]

Other Threads:
  0x00007fd80c06f000 VMThread [stack: 0x00007fd808eff000,0x00007fd809000000] [id=2860]
  0x00007fd80c0c2000 WatcherThread [stack: 0x00007fd8082f0000,0x00007fd8083f1000] [id=2875]

VM state:not at safepoint (normal execution)

VM Mutex/Monitor currently owned by a thread: None

Heap
 def new generation   total 8512K, used 931K [0x00000000cc000000, 0x00000000cc930000, 0x00000000d9e00000)
  eden space 7616K,  12% used [0x00000000cc000000, 0x00000000cc0e8f10, 0x00000000cc770000)
  from space 896K,   0% used [0x00000000cc770000, 0x00000000cc770000, 0x00000000cc850000)
  to   space 896K,   0% used [0x00000000cc850000, 0x00000000cc850000, 0x00000000cc930000)
 tenured generation   total 18816K, used 0K [0x00000000d9e00000, 0x00000000db060000, 0x00000000f5a00000)
   the space 18816K,   0% used [0x00000000d9e00000, 0x00000000d9e00000, 0x00000000d9e00200, 0x00000000db060000)
 compacting perm gen  total 21248K, used 3596K [0x00000000f5a00000, 0x00000000f6ec0000, 0x0000000100000000)
   the space 21248K,  16% used [0x00000000f5a00000, 0x00000000f5d832a0, 0x00000000f5d83400, 0x00000000f6ec0000)
No shared spaces configured.

Card table byte_map: [0x00007fd810467000,0x00007fd810608000] byte_map_base: 0x00007fd80fe07000

Polling page: 0x00007fd814a24000

Code Cache  [0x00007fd809000000, 0x00007fd809270000, 0x00007fd80c000000)
 total_blobs=189 nmethods=2 adapters=150 free_code_cache=48764Kb largest_free_block=49919808

Compilation events (4 events):
Event: 0,534 Thread 0x00007fd80c0b2000    1             java.lang.String::indexOf (70 bytes)
Event: 0,545 Thread 0x00007fd80c0b2000 nmethod 1 0x00007fd80905f290 code [0x00007fd80905f3e0, 0x00007fd80905f5a8]
Event: 2,572 Thread 0x00007fd80c0b4800    2             java.lang.String::hashCode (55 bytes)
Event: 2,577 Thread 0x00007fd80c0b4800 nmethod 2 0x00007fd809060c50 code [0x00007fd809060da0, 0x00007fd809060f38]

GC Heap History (0 events):
No events

Deoptimization events (0 events):
No events

Internal exceptions (10 events):
Event: 0,474 Thread 0x00007fd80c00d800 Threw 0x00000000cc09ec00 at /build/buildd/openjdk-7-7u75-2.5.4/build/openjdk/hotspot/src/share/vm/prims/jvm.cpp:1284
Event: 0,518 Thread 0x00007fd80c00d800 Threw 0x00000000cc0bc7b8 at /build/buildd/openjdk-7-7u75-2.5.4/build/openjdk/hotspot/src/share/vm/prims/jvm.cpp:1284
Event: 0,518 Thread 0x00007fd80c00d800 Threw 0x00000000cc0bc8e0 at /build/buildd/openjdk-7-7u75-2.5.4/build/openjdk/hotspot/src/share/vm/prims/jvm.cpp:1284
Event: 0,518 Thread 0x00007fd80c00d800 Threw 0x00000000cc0bee90 at /build/buildd/openjdk-7-7u75-2.5.4/build/openjdk/hotspot/src/share/vm/prims/jvm.cpp:1284
Event: 0,518 Thread 0x00007fd80c00d800 Threw 0x00000000cc0befb8 at /build/buildd/openjdk-7-7u75-2.5.4/build/openjdk/hotspot/src/share/vm/prims/jvm.cpp:1284
Event: 0,518 Thread 0x00007fd80c00d800 Threw 0x00000000cc0bf8b8 at /build/buildd/openjdk-7-7u75-2.5.4/build/openjdk/hotspot/src/share/vm/prims/jvm.cpp:1284
Event: 0,518 Thread 0x00007fd80c00d800 Threw 0x00000000cc0bf9e0 at /build/buildd/openjdk-7-7u75-2.5.4/build/openjdk/hotspot/src/share/vm/prims/jvm.cpp:1284
Event: 2,572 Thread 0x00007fd80c00d800 Threw 0x00000000cc0d8ee0 at /build/buildd/openjdk-7-7u75-2.5.4/build/openjdk/hotspot/src/share/vm/prims/jvm.cpp:1284
Event: 10,909 Thread 0x00007fd80c00d800 Threw 0x00000000cc0dfd88 at /build/buildd/openjdk-7-7u75-2.5.4/build/openjdk/hotspot/src/share/vm/prims/jvm.cpp:1284
Event: 10,913 Thread 0x00007fd80c00d800 Threw 0x00000000cc0e1670 at /build/buildd/openjdk-7-7u75-2.5.4/build/openjdk/hotspot/src/share/vm/prims/jvm.cpp:1284

Events (10 events):
Event: 242,636 Executing VM operation: ChangeBreakpoints
Event: 242,636 Executing VM operation: ChangeBreakpoints done
Event: 242,649 Executing VM operation: EnterInterpOnlyMode
Event: 242,649 Executing VM operation: EnterInterpOnlyMode done
Event: 242,649 Executing VM operation: GetCurrentLocation
Event: 242,649 Executing VM operation: GetCurrentLocation done
Event: 242,649 Executing VM operation: ChangeSingleStep
Event: 242,649 Executing VM operation: ChangeSingleStep done
Event: 242,650 Executing VM operation: ChangeSingleStep
Event: 242,650 Executing VM operation: ChangeSingleStep done


Dynamic libraries:
00400000-00401000 r-xp 00000000 08:01 447103                             /usr/lib/jvm/java-7-openjdk-amd64/jre/bin/java
00600000-00601000 r--p 00000000 08:01 447103                             /usr/lib/jvm/java-7-openjdk-amd64/jre/bin/java
00601000-00602000 rw-p 00001000 08:01 447103                             /usr/lib/jvm/java-7-openjdk-amd64/jre/bin/java
018fc000-0191d000 rw-p 00000000 00:00 0                                  [heap]
cc000000-cc930000 rw-p 00000000 00:00 0 
cc930000-d9e00000 rw-p 00000000 00:00 0 
d9e00000-db060000 rw-p 00000000 00:00 0 
db060000-f5a00000 rw-p 00000000 00:00 0 
f5a00000-f6ec0000 rw-p 00000000 00:00 0 
f6ec0000-100000000 rw-p 00000000 00:00 0 
7fd7dbe9f000-7fd7dc000000 rw-p 00000000 00:00 0 
7fd7dc000000-7fd7dc021000 rw-p 00000000 00:00 0 
7fd7dc021000-7fd7e0000000 ---p 00000000 00:00 0 
7fd7e0000000-7fd7e0021000 rw-p 00000000 00:00 0 
7fd7e0021000-7fd7e4000000 ---p 00000000 00:00 0 
7fd7e4000000-7fd7e405e000 rw-p 00000000 00:00 0 
7fd7e405e000-7fd7e8000000 ---p 00000000 00:00 0 
7fd7e8000000-7fd7e8021000 rw-p 00000000 00:00 0 
7fd7e8021000-7fd7ec000000 ---p 00000000 00:00 0 
7fd7ec000000-7fd7ec021000 rw-p 00000000 00:00 0 
7fd7ec021000-7fd7f0000000 ---p 00000000 00:00 0 
7fd7f0000000-7fd7f0021000 rw-p 00000000 00:00 0 
7fd7f0021000-7fd7f4000000 ---p 00000000 00:00 0 
7fd7f4000000-7fd7f4021000 rw-p 00000000 00:00 0 
7fd7f4021000-7fd7f8000000 ---p 00000000 00:00 0 
7fd7f8000000-7fd7f822d000 rw-p 00000000 00:00 0 
7fd7f822d000-7fd7fc000000 ---p 00000000 00:00 0 
7fd7fc000000-7fd7fc021000 rw-p 00000000 00:00 0 
7fd7fc021000-7fd800000000 ---p 00000000 00:00 0 
7fd800000000-7fd800021000 rw-p 00000000 00:00 0 
7fd800021000-7fd804000000 ---p 00000000 00:00 0 
7fd804000000-7fd804021000 rw-p 00000000 00:00 0 
7fd804021000-7fd808000000 ---p 00000000 00:00 0 
7fd808125000-7fd8082f0000 rw-p 00000000 00:00 0 
7fd8082f0000-7fd8082f1000 ---p 00000000 00:00 0 
7fd8082f1000-7fd8083f1000 rw-p 00000000 00:00 0                          [stack:2875]
7fd8083f1000-7fd8083f4000 ---p 00000000 00:00 0 
7fd8083f4000-7fd8084f2000 rw-p 00000000 00:00 0                          [stack:2874]
7fd8084f2000-7fd8084f5000 ---p 00000000 00:00 0 
7fd8084f5000-7fd8085f3000 rw-p 00000000 00:00 0                          [stack:2872]
7fd8085f3000-7fd8085f6000 ---p 00000000 00:00 0 
7fd8085f6000-7fd8086f4000 rw-p 00000000 00:00 0                          [stack:2871]
7fd8086f4000-7fd8086f7000 ---p 00000000 00:00 0 
7fd8086f7000-7fd8087f5000 rw-p 00000000 00:00 0                          [stack:2869]
7fd8087f5000-7fd8087f8000 ---p 00000000 00:00 0 
7fd8087f8000-7fd8088f6000 rw-p 00000000 00:00 0                          [stack:2868]
7fd8088f6000-7fd8088f9000 ---p 00000000 00:00 0 
7fd8088f9000-7fd8089f7000 rw-p 00000000 00:00 0                          [stack:2865]
7fd8089f7000-7fd8089fb000 r-xp 00000000 08:01 447098                     /usr/lib/jvm/java-7-openjdk-amd64/jre/lib/amd64/libdt_socket.so
7fd8089fb000-7fd808bfa000 ---p 00004000 08:01 447098                     /usr/lib/jvm/java-7-openjdk-amd64/jre/lib/amd64/libdt_socket.so
7fd808bfa000-7fd808bfb000 r--p 00003000 08:01 447098                     /usr/lib/jvm/java-7-openjdk-amd64/jre/lib/amd64/libdt_socket.so
7fd808bfb000-7fd808bfc000 rw-p 00004000 08:01 447098                     /usr/lib/jvm/java-7-openjdk-amd64/jre/lib/amd64/libdt_socket.so
7fd808bfc000-7fd808bff000 ---p 00000000 00:00 0 
7fd808bff000-7fd808cfd000 rw-p 00000000 00:00 0                          [stack:2863]
7fd808cfd000-7fd808d00000 ---p 00000000 00:00 0 
7fd808d00000-7fd808dfe000 rw-p 00000000 00:00 0                          [stack:2862]
7fd808dfe000-7fd808e01000 ---p 00000000 00:00 0 
7fd808e01000-7fd808eff000 rw-p 00000000 00:00 0                          [stack:2861]
7fd808eff000-7fd808f00000 ---p 00000000 00:00 0 
7fd808f00000-7fd809000000 rw-p 00000000 00:00 0                          [stack:2860]
7fd809000000-7fd809270000 rwxp 00000000 00:00 0 
7fd809270000-7fd80c166000 rw-p 00000000 00:00 0 
7fd80c166000-7fd810000000 ---p 00000000 00:00 0 
7fd810017000-7fd810089000 rw-p 00000000 00:00 0 
7fd810089000-7fd81023b000 r--s 01d23000 08:01 447058                     /usr/lib/jvm/java-7-openjdk-amd64/jre/lib/rt.jar
7fd81023b000-7fd81033f000 rw-p 00000000 00:00 0 
7fd81033f000-7fd810388000 rw-p 00000000 00:00 0 
7fd810388000-7fd810392000 rw-p 00000000 00:00 0 
7fd810392000-7fd810467000 rw-p 00000000 00:00 0 
7fd810467000-7fd81046c000 rw-p 00000000 00:00 0 
7fd81046c000-7fd8104d6000 rw-p 00000000 00:00 0 
7fd8104d6000-7fd8104e0000 rw-p 00000000 00:00 0 
7fd8104e0000-7fd8105b4000 rw-p 00000000 00:00 0 
7fd8105b4000-7fd8105bf000 rw-p 00000000 00:00 0 
7fd8105bf000-7fd810607000 rw-p 00000000 00:00 0 
7fd810607000-7fd810608000 rw-p 00000000 00:00 0 
7fd810608000-7fd810610000 r-xp 00000000 08:01 447100                     /usr/lib/jvm/java-7-openjdk-amd64/jre/lib/amd64/libzip.so
7fd810610000-7fd81080f000 ---p 00008000 08:01 447100                     /usr/lib/jvm/java-7-openjdk-amd64/jre/lib/amd64/libzip.so
7fd81080f000-7fd810810000 r--p 00007000 08:01 447100                     /usr/lib/jvm/java-7-openjdk-amd64/jre/lib/amd64/libzip.so
7fd810810000-7fd810811000 rw-p 00008000 08:01 447100                     /usr/lib/jvm/java-7-openjdk-amd64/jre/lib/amd64/libzip.so
7fd810811000-7fd81081c000 r-xp 00000000 08:01 178852                     /lib/x86_64-linux-gnu/libnss_files-2.19.so
7fd81081c000-7fd810a1b000 ---p 0000b000 08:01 178852                     /lib/x86_64-linux-gnu/libnss_files-2.19.so
7fd810a1b000-7fd810a1c000 r--p 0000a000 08:01 178852                     /lib/x86_64-linux-gnu/libnss_files-2.19.so
7fd810a1c000-7fd810a1d000 rw-p 0000b000 08:01 178852                     /lib/x86_64-linux-gnu/libnss_files-2.19.so
7fd810a1d000-7fd810a28000 r-xp 00000000 08:01 178849                     /lib/x86_64-linux-gnu/libnss_nis-2.19.so
7fd810a28000-7fd810c27000 ---p 0000b000 08:01 178849                     /lib/x86_64-linux-gnu/libnss_nis-2.19.so
7fd810c27000-7fd810c28000 r--p 0000a000 08:01 178849                     /lib/x86_64-linux-gnu/libnss_nis-2.19.so
7fd810c28000-7fd810c29000 rw-p 0000b000 08:01 178849                     /lib/x86_64-linux-gnu/libnss_nis-2.19.so
7fd810c29000-7fd810c40000 r-xp 00000000 08:01 178843                     /lib/x86_64-linux-gnu/libnsl-2.19.so
7fd810c40000-7fd810e3f000 ---p 00017000 08:01 178843                     /lib/x86_64-linux-gnu/libnsl-2.19.so
7fd810e3f000-7fd810e40000 r--p 00016000 08:01 178843                     /lib/x86_64-linux-gnu/libnsl-2.19.so
7fd810e40000-7fd810e41000 rw-p 00017000 08:01 178843                     /lib/x86_64-linux-gnu/libnsl-2.19.so
7fd810e41000-7fd810e43000 rw-p 00000000 00:00 0 
7fd810e43000-7fd810e4c000 r-xp 00000000 08:01 178840                     /lib/x86_64-linux-gnu/libnss_compat-2.19.so
7fd810e4c000-7fd81104b000 ---p 00009000 08:01 178840                     /lib/x86_64-linux-gnu/libnss_compat-2.19.so
7fd81104b000-7fd81104c000 r--p 00008000 08:01 178840                     /lib/x86_64-linux-gnu/libnss_compat-2.19.so
7fd81104c000-7fd81104d000 rw-p 00009000 08:01 178840                     /lib/x86_64-linux-gnu/libnss_compat-2.19.so
7fd81104d000-7fd811b4c000 r--p 00000000 08:01 5199                       /usr/lib/locale/locale-archive
7fd811b4c000-7fd811b4f000 r-xp 00000000 08:01 447067                     /usr/lib/jvm/java-7-openjdk-amd64/jre/lib/amd64/libnpt.so
7fd811b4f000-7fd811d4e000 ---p 00003000 08:01 447067                     /usr/lib/jvm/java-7-openjdk-amd64/jre/lib/amd64/libnpt.so
7fd811d4e000-7fd811d4f000 r--p 00002000 08:01 447067                     /usr/lib/jvm/java-7-openjdk-amd64/jre/lib/amd64/libnpt.so
7fd811d4f000-7fd811d50000 rw-p 00003000 08:01 447067                     /usr/lib/jvm/java-7-openjdk-amd64/jre/lib/amd64/libnpt.so
7fd811d50000-7fd811d8a000 r-xp 00000000 08:01 447073                     /usr/lib/jvm/java-7-openjdk-amd64/jre/lib/amd64/libjdwp.so
7fd811d8a000-7fd811f89000 ---p 0003a000 08:01 447073                     /usr/lib/jvm/java-7-openjdk-amd64/jre/lib/amd64/libjdwp.so
7fd811f89000-7fd811f8a000 r--p 00039000 08:01 447073                     /usr/lib/jvm/java-7-openjdk-amd64/jre/lib/amd64/libjdwp.so
7fd811f8a000-7fd811f8b000 rw-p 0003a000 08:01 447073                     /usr/lib/jvm/java-7-openjdk-amd64/jre/lib/amd64/libjdwp.so
7fd811f8b000-7fd811fb6000 r-xp 00000000 08:01 447085                     /usr/lib/jvm/java-7-openjdk-amd64/jre/lib/amd64/libjava.so
7fd811fb6000-7fd8121b6000 ---p 0002b000 08:01 447085                     /usr/lib/jvm/java-7-openjdk-amd64/jre/lib/amd64/libjava.so
7fd8121b6000-7fd8121b7000 r--p 0002b000 08:01 447085                     /usr/lib/jvm/java-7-openjdk-amd64/jre/lib/amd64/libjava.so
7fd8121b7000-7fd8121b9000 rw-p 0002c000 08:01 447085                     /usr/lib/jvm/java-7-openjdk-amd64/jre/lib/amd64/libjava.so
7fd8121b9000-7fd8121c9000 r-xp 00000000 08:01 447084                     /usr/lib/jvm/java-7-openjdk-amd64/jre/lib/amd64/libverify.so
7fd8121c9000-7fd8123c8000 ---p 00010000 08:01 447084                     /usr/lib/jvm/java-7-openjdk-amd64/jre/lib/amd64/libverify.so
7fd8123c8000-7fd8123ca000 r--p 0000f000 08:01 447084                     /usr/lib/jvm/java-7-openjdk-amd64/jre/lib/amd64/libverify.so
7fd8123ca000-7fd8123cb000 rw-p 00011000 08:01 447084                     /usr/lib/jvm/java-7-openjdk-amd64/jre/lib/amd64/libverify.so
7fd8123cb000-7fd8123d2000 r-xp 00000000 08:01 178835                     /lib/x86_64-linux-gnu/librt-2.19.so
7fd8123d2000-7fd8125d1000 ---p 00007000 08:01 178835                     /lib/x86_64-linux-gnu/librt-2.19.so
7fd8125d1000-7fd8125d2000 r--p 00006000 08:01 178835                     /lib/x86_64-linux-gnu/librt-2.19.so
7fd8125d2000-7fd8125d3000 rw-p 00007000 08:01 178835                     /lib/x86_64-linux-gnu/librt-2.19.so
7fd8125d3000-7fd8125e9000 r-xp 00000000 08:01 137057                     /lib/x86_64-linux-gnu/libgcc_s.so.1
7fd8125e9000-7fd8127e8000 ---p 00016000 08:01 137057                     /lib/x86_64-linux-gnu/libgcc_s.so.1
7fd8127e8000-7fd8127e9000 rw-p 00015000 08:01 137057                     /lib/x86_64-linux-gnu/libgcc_s.so.1
7fd8127e9000-7fd8128ee000 r-xp 00000000 08:01 178842                     /lib/x86_64-linux-gnu/libm-2.19.so
7fd8128ee000-7fd812aed000 ---p 00105000 08:01 178842                     /lib/x86_64-linux-gnu/libm-2.19.so
7fd812aed000-7fd812aee000 r--p 00104000 08:01 178842                     /lib/x86_64-linux-gnu/libm-2.19.so
7fd812aee000-7fd812aef000 rw-p 00105000 08:01 178842                     /lib/x86_64-linux-gnu/libm-2.19.so
7fd812aef000-7fd812bd5000 r-xp 00000000 08:01 12137                      /usr/lib/x86_64-linux-gnu/libstdc++.so.6.0.19
7fd812bd5000-7fd812dd4000 ---p 000e6000 08:01 12137                      /usr/lib/x86_64-linux-gnu/libstdc++.so.6.0.19
7fd812dd4000-7fd812ddc000 r--p 000e5000 08:01 12137                      /usr/lib/x86_64-linux-gnu/libstdc++.so.6.0.19
7fd812ddc000-7fd812dde000 rw-p 000ed000 08:01 12137                      /usr/lib/x86_64-linux-gnu/libstdc++.so.6.0.19
7fd812dde000-7fd812df3000 rw-p 00000000 00:00 0 
7fd812df3000-7fd81390b000 r-xp 00000000 08:01 447089                     /usr/lib/jvm/java-7-openjdk-amd64/jre/lib/amd64/server/libjvm.so
7fd81390b000-7fd813b0b000 ---p 00b18000 08:01 447089                     /usr/lib/jvm/java-7-openjdk-amd64/jre/lib/amd64/server/libjvm.so
7fd813b0b000-7fd813ba5000 r--p 00b18000 08:01 447089                     /usr/lib/jvm/java-7-openjdk-amd64/jre/lib/amd64/server/libjvm.so
7fd813ba5000-7fd813bc8000 rw-p 00bb2000 08:01 447089                     /usr/lib/jvm/java-7-openjdk-amd64/jre/lib/amd64/server/libjvm.so
7fd813bc8000-7fd813bf6000 rw-p 00000000 00:00 0 
7fd813bf6000-7fd813c0e000 r-xp 00000000 08:01 137241                     /lib/x86_64-linux-gnu/libz.so.1.2.8
7fd813c0e000-7fd813e0d000 ---p 00018000 08:01 137241                     /lib/x86_64-linux-gnu/libz.so.1.2.8
7fd813e0d000-7fd813e0e000 r--p 00017000 08:01 137241                     /lib/x86_64-linux-gnu/libz.so.1.2.8
7fd813e0e000-7fd813e0f000 rw-p 00018000 08:01 137241                     /lib/x86_64-linux-gnu/libz.so.1.2.8
7fd813e0f000-7fd813e28000 r-xp 00000000 08:01 178851                     /lib/x86_64-linux-gnu/libpthread-2.19.so
7fd813e28000-7fd814027000 ---p 00019000 08:01 178851                     /lib/x86_64-linux-gnu/libpthread-2.19.so
7fd814027000-7fd814028000 r--p 00018000 08:01 178851                     /lib/x86_64-linux-gnu/libpthread-2.19.so
7fd814028000-7fd814029000 rw-p 00019000 08:01 178851                     /lib/x86_64-linux-gnu/libpthread-2.19.so
7fd814029000-7fd81402d000 rw-p 00000000 00:00 0 
7fd81402d000-7fd814030000 r-xp 00000000 08:01 178838                     /lib/x86_64-linux-gnu/libdl-2.19.so
7fd814030000-7fd81422f000 ---p 00003000 08:01 178838                     /lib/x86_64-linux-gnu/libdl-2.19.so
7fd81422f000-7fd814230000 r--p 00002000 08:01 178838                     /lib/x86_64-linux-gnu/libdl-2.19.so
7fd814230000-7fd814231000 rw-p 00003000 08:01 178838                     /lib/x86_64-linux-gnu/libdl-2.19.so
7fd814231000-7fd8143ec000 r-xp 00000000 08:01 178834                     /lib/x86_64-linux-gnu/libc-2.19.so
7fd8143ec000-7fd8145ec000 ---p 001bb000 08:01 178834                     /lib/x86_64-linux-gnu/libc-2.19.so
7fd8145ec000-7fd8145f0000 r--p 001bb000 08:01 178834                     /lib/x86_64-linux-gnu/libc-2.19.so
7fd8145f0000-7fd8145f2000 rw-p 001bf000 08:01 178834                     /lib/x86_64-linux-gnu/libc-2.19.so
7fd8145f2000-7fd8145f7000 rw-p 00000000 00:00 0 
7fd8145f7000-7fd814604000 r-xp 00000000 08:01 447068                     /usr/lib/jvm/java-7-openjdk-amd64/jre/lib/amd64/jli/libjli.so
7fd814604000-7fd814803000 ---p 0000d000 08:01 447068                     /usr/lib/jvm/java-7-openjdk-amd64/jre/lib/amd64/jli/libjli.so
7fd814803000-7fd814804000 r--p 0000c000 08:01 447068                     /usr/lib/jvm/java-7-openjdk-amd64/jre/lib/amd64/jli/libjli.so
7fd814804000-7fd814805000 rw-p 0000d000 08:01 447068                     /usr/lib/jvm/java-7-openjdk-amd64/jre/lib/amd64/jli/libjli.so
7fd814805000-7fd814828000 r-xp 00000000 08:01 178832                     /lib/x86_64-linux-gnu/ld-2.19.so
7fd814840000-7fd814842000 rw-p 00000000 00:00 0 
7fd814842000-7fd814845000 r--s 0000f000 08:01 162168                     /usr/lib/jvm/java-7-openjdk-amd64/jre/lib/ext/icedtea-sound.jar
7fd814845000-7fd81484f000 rw-p 00000000 00:00 0 
7fd81484f000-7fd814905000 rw-p 00000000 00:00 0 
7fd814905000-7fd814908000 ---p 00000000 00:00 0 
7fd814908000-7fd814a0b000 rw-p 00000000 00:00 0                          [stack:2858]
7fd814a0b000-7fd814a0d000 r--s 00006000 08:01 180111                     /usr/share/java/java-atk-wrapper.jar
7fd814a0d000-7fd814a10000 r--s 00086000 08:01 162192                     /usr/lib/jvm/java-7-openjdk-amd64/jre/lib/ext/localedata.jar
7fd814a10000-7fd814a14000 r--s 00034000 08:01 162183                     /usr/lib/jvm/java-7-openjdk-amd64/jre/lib/ext/sunjce_provider.jar
7fd814a14000-7fd814a16000 r--s 00012000 08:01 162184                     /usr/lib/jvm/java-7-openjdk-amd64/jre/lib/ext/zipfs.jar
7fd814a16000-7fd814a17000 r--s 00002000 08:01 162189                     /usr/lib/jvm/java-7-openjdk-amd64/jre/lib/ext/dnsns.jar
7fd814a17000-7fd814a1b000 r--s 0003c000 08:01 162182                     /usr/lib/jvm/java-7-openjdk-amd64/jre/lib/ext/sunpkcs11.jar
7fd814a1b000-7fd814a23000 rw-s 00000000 08:01 279997                     /tmp/hsperfdata_stan/2852
7fd814a23000-7fd814a24000 rw-p 00000000 00:00 0 
7fd814a24000-7fd814a25000 r--p 00000000 00:00 0 
7fd814a25000-7fd814a27000 rw-p 00000000 00:00 0 
7fd814a27000-7fd814a28000 r--p 00022000 08:01 178832                     /lib/x86_64-linux-gnu/ld-2.19.so
7fd814a28000-7fd814a29000 rw-p 00023000 08:01 178832                     /lib/x86_64-linux-gnu/ld-2.19.so
7fd814a29000-7fd814a2a000 rw-p 00000000 00:00 0 
7fff6baba000-7fff6badb000 rw-p 00000000 00:00 0                          [stack]
7fff6bb85000-7fff6bb87000 r-xp 00000000 00:00 0                          [vdso]
ffffffffff600000-ffffffffff601000 r-xp 00000000 00:00 0                  [vsyscall]

VM Arguments:
jvm_args: -agentlib:jdwp=transport=dt_socket,suspend=y,address=localhost:56896 -Dfile.encoding=UTF-8 
java_command: BullsAndCows
Launcher Type: SUN_STANDARD

Environment Variables:
JAVA_HOME=/usr/lib/jvm/java-8-oracle
PATH=/usr/local/sbin:/usr/local/bin:/usr/sbin:/usr/bin:/sbin:/bin:/usr/games:/usr/local/games:/usr/lib/jvm/java-8-oracle/bin:/usr/lib/jvm/java-8-oracle/db/bin:/usr/lib/jvm/java-8-oracle/jre/bin
SHELL=/bin/bash
DISPLAY=:0.0

Signal Handlers:
SIGSEGV: [libjvm.so+0x94b4b0], sa_mask[0]=0x7ffbfeff, sa_flags=0x10000004
SIGBUS: [libjvm.so+0x94b4b0], sa_mask[0]=0x7ffbfeff, sa_flags=0x10000004
SIGFPE: [libjvm.so+0x7c3390], sa_mask[0]=0x7ffbfeff, sa_flags=0x10000004
SIGPIPE: [libjvm.so+0x7c3390], sa_mask[0]=0x7ffbfeff, sa_flags=0x10000004
SIGXFSZ: [libjvm.so+0x7c3390], sa_mask[0]=0x7ffbfeff, sa_flags=0x10000004
SIGILL: [libjvm.so+0x7c3390], sa_mask[0]=0x7ffbfeff, sa_flags=0x10000004
SIGUSR1: SIG_DFL, sa_mask[0]=0x00000000, sa_flags=0x00000000
SIGUSR2: [libjvm.so+0x7c3230], sa_mask[0]=0x00000004, sa_flags=0x10000004
SIGHUP: [libjvm.so+0x7c3410], sa_mask[0]=0x7ffbfeff, sa_flags=0x10000004
SIGINT: [libjvm.so+0x7c3410], sa_mask[0]=0x7ffbfeff, sa_flags=0x10000004
SIGTERM: [libjvm.so+0x7c3410], sa_mask[0]=0x7ffbfeff, sa_flags=0x10000004
SIGQUIT: [libjvm.so+0x7c3410], sa_mask[0]=0x7ffbfeff, sa_flags=0x10000004
SIGTRAP: SIG_DFL, sa_mask[0]=0x00000000, sa_flags=0x00000000


---------------  S Y S T E M  ---------------

OS:Ubuntu 14.04 (trusty)
uname:Linux 3.13.0-44-generic #73-Ubuntu SMP Tue Dec 16 00:22:43 UTC 2014 x86_64
libc:glibc 2.19 NPTL 2.19 
rlimit: STACK 8192k, CORE 0k, NPROC 13942, NOFILE 4096, AS infinity
load average:0,15 0,24 0,24

/proc/meminfo:
MemTotal:        1806204 kB
MemFree:          551284 kB
Buffers:           57848 kB
Cached:           397092 kB
SwapCached:            0 kB
Active:           855596 kB
Inactive:         321720 kB
Active(anon):     723140 kB
Inactive(anon):     1640 kB
Active(file):     132456 kB
Inactive(file):   320080 kB
Unevictable:           0 kB
Mlocked:               0 kB
SwapTotal:       1047548 kB
SwapFree:        1047548 kB
Dirty:                60 kB
Writeback:             0 kB
AnonPages:        722492 kB
Mapped:            87692 kB
Shmem:              2404 kB
Slab:              37800 kB
SReclaimable:      22356 kB
SUnreclaim:        15444 kB
KernelStack:        2864 kB
PageTables:        15916 kB
NFS_Unstable:          0 kB
Bounce:                0 kB
WritebackTmp:          0 kB
CommitLimit:     1950648 kB
Committed_AS:    1675284 kB
VmallocTotal:   34359738367 kB
VmallocUsed:       94012 kB
VmallocChunk:   34359639544 kB
HardwareCorrupted:     0 kB
AnonHugePages:    516096 kB
HugePages_Total:       0
HugePages_Free:        0
HugePages_Rsvd:        0
HugePages_Surp:        0
Hugepagesize:       2048 kB
DirectMap4k:       59328 kB
DirectMap2M:     1792000 kB


CPU:total 2 (2 cores per cpu, 1 threads per core) family 6 model 37 stepping 2, cmov, cx8, fxsr, mmx, sse, sse2, sse3, ssse3, tsc

/proc/cpuinfo:
processor	: 0
vendor_id	: GenuineIntel
cpu family	: 6
model		: 37
model name	: Intel(R) Core(TM) i3 CPU       M 330  @ 2.13GHz
stepping	: 2
microcode	: 0x616
cpu MHz		: 2041.515
cache size	: 6144 KB
physical id	: 0
siblings	: 2
core id		: 0
cpu cores	: 2
apicid		: 0
initial apicid	: 0
fpu		: yes
fpu_exception	: yes
cpuid level	: 5
wp		: yes
flags		: fpu vme de pse tsc msr pae mce cx8 apic sep mtrr pge mca cmov pat pse36 clflush mmx fxsr sse sse2 ht syscall nx rdtscp lm constant_tsc rep_good nopl pni ssse3 lahf_lm
bogomips	: 4083.03
clflush size	: 64
cache_alignment	: 64
address sizes	: 36 bits physical, 48 bits virtual
power management:

processor	: 1
vendor_id	: GenuineIntel
cpu family	: 6
model		: 37
model name	: Intel(R) Core(TM) i3 CPU       M 330  @ 2.13GHz
stepping	: 2
microcode	: 0x616
cpu MHz		: 2041.515
cache size	: 6144 KB
physical id	: 0
siblings	: 2
core id		: 1
cpu cores	: 2
apicid		: 1
initial apicid	: 1
fpu		: yes
fpu_exception	: yes
cpuid level	: 5
wp		: yes
flags		: fpu vme de pse tsc msr pae mce cx8 apic sep mtrr pge mca cmov pat pse36 clflush mmx fxsr sse sse2 ht syscall nx rdtscp lm constant_tsc rep_good nopl pni ssse3 lahf_lm
bogomips	: 4083.03
clflush size	: 64
cache_alignment	: 64
address sizes	: 36 bits physical, 48 bits virtual
power management:



Memory: 4k page, physical 1806204k(551284k free), swap 1047548k(1047548k free)

vm_info: OpenJDK 64-Bit Server VM (24.75-b04) for linux-amd64 JRE (1.7.0_75-b13), built on Jan 27 2015 00:38:59 by "buildd" with gcc 4.8.2

time: Sun Feb  1 01:12:43 2015
elapsed time: 243 seconds

