#
# A fatal error has been detected by the Java Runtime Environment:
#
#  EXCEPTION_ACCESS_VIOLATION (0xc0000005) at pc=0x0000000066d6a6a5, pid=2684, tid=6108
#
# JRE version: Java(TM) SE Runtime Environment (8.0_31-b13) (build 1.8.0_31-b13)
# Java VM: Java HotSpot(TM) 64-Bit Server VM (25.31-b07 mixed mode windows-amd64 compressed oops)
# Problematic frame:
# V  [jvm.dll+0x11a6a5]
#
# Failed to write core dump. Minidumps are not enabled by default on client versions of Windows
#
# If you would like to submit a bug report, please visit:
#   http://bugreport.java.com/bugreport/crash.jsp
#

---------------  T H R E A D  ---------------

Current thread (0x0000000014760000):  JavaThread "JDWP Transport Listener: dt_socket" daemon [_thread_in_vm, id=6108, stack(0x00000000157a0000,0x00000000158a0000)]

siginfo: ExceptionCode=0xc0000005, reading address 0x00003b70003b003b

Registers:
RAX=0x000000001589f601, RBX=0x0000000014760000, RCX=0x00003b70003b003b, RDX=0x0000000000000000
RSP=0x000000001589f650, RBP=0x00003b70003b003b, RSI=0x000000001589f768, RDI=0x0000000002047c30
R8 =0x0000000014760000, R9 =0x0000000000000700, R10=0x0000000000000000, R11=0x000000001589f919
R12=0x0000000000000000, R13=0x000000001476cfa8, R14=0x0000000000000000, R15=0x0000000000000000
RIP=0x0000000066d6a6a5, EFLAGS=0x0000000000010202

Top of Stack: (sp=0x000000001589f650)
0x000000001589f650:   0000000014760000 0000000014760000
0x000000001589f660:   000000001589f718 0000000066f67c1b
0x000000001589f670:   0000000014760000 0000000066f8447d
0x000000001589f680:   0000000000000000 0000000066a89149
0x000000001589f690:   0000000015ea29c0 0000000066a92912
0x000000001589f6a0:   0000000014760000 0000000000000000
0x000000001589f6b0:   0000000000000000 0000000000000000
0x000000001589f6c0:   00003b70003b003b 0000000066a91a09
0x000000001589f6d0:   000000001589f768 000000001589f740
0x000000001589f6e0:   0000000000000001 0000000015ea29c0
0x000000001589f6f0:   00003b70003b003b 0000000066a753b3
0x000000001589f700:   000000001589f830 0000000000000001
0x000000001589f710:   0000000000000001 0000000015ea29c0
0x000000001589f720:   0000000000000009 0000000000000000
0x000000001589f730:   0000000000000000 0000000000000000
0x000000001589f740:   0000000000000001 0000000066a75571 

Instructions: (pc=0x0000000066d6a6a5)
0x0000000066d6a685:   cc cc cc cc cc cc cc cc cc cc cc 48 83 ec 28 48
0x0000000066d6a695:   85 c9 75 07 33 c0 48 83 c4 28 c3 48 89 5c 24 20
0x0000000066d6a6a5:   48 8b 19 48 85 db 74 20 48 83 fb 37 74 1a 48 8b
0x0000000066d6a6b5:   13 48 8b cb ff 52 10 84 c0 74 0d 48 8b c3 48 8b 


Register to memory mapping:

RAX=0x000000001589f601 is pointing into the stack for thread: 0x0000000014760000
RBX=0x0000000014760000 is a thread
RCX=0x00003b70003b003b is an unknown value
RDX=0x0000000000000000 is an unknown value
RSP=0x000000001589f650 is pointing into the stack for thread: 0x0000000014760000
RBP=0x00003b70003b003b is an unknown value
RSI=0x000000001589f768 is pointing into the stack for thread: 0x0000000014760000
RDI=0x0000000002047c30 is an unknown value
R8 =0x0000000014760000 is a thread
R9 =0x0000000000000700 is an unknown value
R10=0x0000000000000000 is an unknown value
R11=0x000000001589f919 is pointing into the stack for thread: 0x0000000014760000
R12=0x0000000000000000 is an unknown value
R13=0x000000001476cfa8 is an unknown value
R14=0x0000000000000000 is an unknown value
R15=0x0000000000000000 is an unknown value


Stack: [0x00000000157a0000,0x00000000158a0000],  sp=0x000000001589f650,  free space=1021k
Native frames: (J=compiled Java code, j=interpreted, Vv=VM code, C=native code)
V  [jvm.dll+0x11a6a5]
V  [jvm.dll+0x33447d]
C  [jdwp.dll+0x21a09]
C  [jdwp.dll+0x53b3]
C  [jdwp.dll+0x5571]
C  [jdwp.dll+0xf09c]
C  [jdwp.dll+0x1f2c9]
C  [jdwp.dll+0x1f49e]
V  [jvm.dll+0x1ac128]
V  [jvm.dll+0x22c194]
V  [jvm.dll+0x28576a]
C  [msvcr100.dll+0x21d9f]
C  [msvcr100.dll+0x21e3b]
C  [KERNEL32.DLL+0x1842]
C  [ntdll.dll+0x57509]


---------------  P R O C E S S  ---------------

Java Threads: ( => current thread )
  0x00000000147f9000 JavaThread "Service Thread" daemon [_thread_blocked, id=6368, stack(0x0000000015ca0000,0x0000000015da0000)]
  0x0000000014782800 JavaThread "C1 CompilerThread1" daemon [_thread_blocked, id=6676, stack(0x0000000015ba0000,0x0000000015ca0000)]
  0x000000001477e800 JavaThread "C2 CompilerThread0" daemon [_thread_blocked, id=5256, stack(0x0000000015aa0000,0x0000000015ba0000)]
  0x0000000014770800 JavaThread "JDWP Command Reader" daemon [_thread_in_native, id=6500, stack(0x00000000159a0000,0x0000000015aa0000)]
  0x000000001476f000 JavaThread "JDWP Event Helper Thread" daemon [_thread_blocked, id=7080, stack(0x00000000158a0000,0x00000000159a0000)]
=>0x0000000014760000 JavaThread "JDWP Transport Listener: dt_socket" daemon [_thread_in_vm, id=6108, stack(0x00000000157a0000,0x00000000158a0000)]
  0x0000000014759000 JavaThread "Attach Listener" daemon [_thread_blocked, id=6020, stack(0x00000000155a0000,0x00000000156a0000)]
  0x0000000014758000 JavaThread "Signal Dispatcher" daemon [_thread_blocked, id=6528, stack(0x00000000154a0000,0x00000000155a0000)]
  0x0000000014716800 JavaThread "Finalizer" daemon [_thread_blocked, id=7072, stack(0x00000000153a0000,0x00000000154a0000)]
  0x000000001470f800 JavaThread "Reference Handler" daemon [_thread_blocked, id=1004, stack(0x00000000152a0000,0x00000000153a0000)]
  0x0000000002332800 JavaThread "main" [_thread_blocked, id=2232, stack(0x0000000001eb0000,0x0000000001fb0000)]

Other Threads:
  0x000000001470a000 VMThread [stack: 0x00000000151a0000,0x00000000152a0000] [id=6832]
  0x00000000147fb000 WatcherThread [stack: 0x0000000015da0000,0x0000000015ea0000] [id=6628]

VM state:not at safepoint (normal execution)

VM Mutex/Monitor currently owned by a thread: None

Heap:
 PSYoungGen      total 18432K, used 2230K [0x00000000eb700000, 0x00000000ecb80000, 0x0000000100000000)
  eden space 15872K, 14% used [0x00000000eb700000,0x00000000eb92d968,0x00000000ec680000)
  from space 2560K, 0% used [0x00000000ec900000,0x00000000ec900000,0x00000000ecb80000)
  to   space 2560K, 0% used [0x00000000ec680000,0x00000000ec680000,0x00000000ec900000)
 ParOldGen       total 42496K, used 0K [0x00000000c2400000, 0x00000000c4d80000, 0x00000000eb700000)
  object space 42496K, 0% used [0x00000000c2400000,0x00000000c2400000,0x00000000c4d80000)
 Metaspace       used 3583K, capacity 4616K, committed 4864K, reserved 1056768K
  class space    used 410K, capacity 432K, committed 512K, reserved 1048576K

Card table byte_map: [0x00000000117f0000,0x00000000119e0000] byte_map_base: 0x00000000111de000

Marking Bits: (ParMarkBitMap*) 0x000000006742d4f0
 Begin Bits: [0x0000000011d30000, 0x0000000012ca0000)
 End Bits:   [0x0000000012ca0000, 0x0000000013c10000)

Polling page: 0x0000000001e60000

CodeCache: size=245760Kb used=1228Kb max_used=1228Kb free=244531Kb
 bounds [0x0000000002430000, 0x00000000026a0000, 0x0000000011430000]
 total_blobs=319 nmethods=74 adapters=168
 compilation: enabled

Compilation events (10 events):
Event: 7.010 Thread 0x0000000014782800   70       3       java.lang.String::indexOf (166 bytes)
Event: 7.010 Thread 0x0000000014782800 nmethod 70 0x0000000002560ad0 code [0x0000000002560c80, 0x00000000025612d0]
Event: 7.010 Thread 0x0000000014782800   71       1       java.net.URL::getProtocol (5 bytes)
Event: 7.010 Thread 0x0000000014782800 nmethod 71 0x00000000025616d0 code [0x0000000002561820, 0x0000000002561930]
Event: 12.775 Thread 0x0000000014782800   72       3       java.nio.Buffer::position (43 bytes)
Event: 12.775 Thread 0x0000000014782800 nmethod 72 0x0000000002562410 code [0x0000000002562580, 0x0000000002562848]
Event: 12.775 Thread 0x0000000014782800   73       3       java.lang.StringBuilder::<init> (7 bytes)
Event: 12.776 Thread 0x0000000014782800 nmethod 73 0x0000000002562910 code [0x0000000002562a80, 0x0000000002562d30]
Event: 19.900 Thread 0x0000000014782800   74       3       java.nio.ByteBuffer::arrayOffset (35 bytes)
Event: 19.900 Thread 0x0000000014782800 nmethod 74 0x0000000002562e50 code [0x0000000002562fe0, 0x00000000025632d8]

GC Heap History (0 events):
No events

Deoptimization events (0 events):
No events

Internal exceptions (10 events):
Event: 0.163 Thread 0x0000000002332800 Exception <a 'java/security/PrivilegedActionException'> (0x00000000eb7af3a0) thrown at [C:\workspace\8-2-build-windows-amd64-cygwin\jdk8u31\2394\hotspot\src\share\vm\prims\jvm.cpp, line 1312]
Event: 0.169 Thread 0x0000000002332800 Exception <a 'java/security/PrivilegedActionException'> (0x00000000eb7b5428) thrown at [C:\workspace\8-2-build-windows-amd64-cygwin\jdk8u31\2394\hotspot\src\share\vm\prims\jvm.cpp, line 1312]
Event: 0.198 Thread 0x0000000002332800 Exception <a 'java/security/PrivilegedActionException'> (0x00000000eb7dbc18) thrown at [C:\workspace\8-2-build-windows-amd64-cygwin\jdk8u31\2394\hotspot\src\share\vm\prims\jvm.cpp, line 1312]
Event: 0.198 Thread 0x0000000002332800 Exception <a 'java/security/PrivilegedActionException'> (0x00000000eb7dbf60) thrown at [C:\workspace\8-2-build-windows-amd64-cygwin\jdk8u31\2394\hotspot\src\share\vm\prims\jvm.cpp, line 1312]
Event: 0.202 Thread 0x0000000002332800 Exception <a 'java/security/PrivilegedActionException'> (0x00000000eb7dfbe8) thrown at [C:\workspace\8-2-build-windows-amd64-cygwin\jdk8u31\2394\hotspot\src\share\vm\prims\jvm.cpp, line 1312]
Event: 0.202 Thread 0x0000000002332800 Exception <a 'java/security/PrivilegedActionException'> (0x00000000eb7dff30) thrown at [C:\workspace\8-2-build-windows-amd64-cygwin\jdk8u31\2394\hotspot\src\share\vm\prims\jvm.cpp, line 1312]
Event: 0.239 Thread 0x0000000002332800 Exception <a 'java/security/PrivilegedActionException'> (0x00000000eb8cf900) thrown at [C:\workspace\8-2-build-windows-amd64-cygwin\jdk8u31\2394\hotspot\src\share\vm\prims\jvm.cpp, line 1312]
Event: 0.240 Thread 0x0000000002332800 Exception <a 'java/security/PrivilegedActionException'> (0x00000000eb8d0b50) thrown at [C:\workspace\8-2-build-windows-amd64-cygwin\jdk8u31\2394\hotspot\src\share\vm\prims\jvm.cpp, line 1312]
Event: 7.009 Thread 0x0000000002332800 Exception <a 'java/security/PrivilegedActionException'> (0x00000000eb8d6b38) thrown at [C:\workspace\8-2-build-windows-amd64-cygwin\jdk8u31\2394\hotspot\src\share\vm\prims\jvm.cpp, line 1312]
Event: 7.010 Thread 0x0000000002332800 Exception <a 'java/security/PrivilegedActionException'> (0x00000000eb8d7d20) thrown at [C:\workspace\8-2-build-windows-amd64-cygwin\jdk8u31\2394\hotspot\src\share\vm\prims\jvm.cpp, line 1312]

Events (10 events):
Event: 1267.419 Executing VM operation: GetCurrentLocation
Event: 1267.419 Executing VM operation: GetCurrentLocation done
Event: 1267.419 Executing VM operation: EnterInterpOnlyMode
Event: 1267.419 Executing VM operation: EnterInterpOnlyMode done
Event: 1267.419 Executing VM operation: ChangeSingleStep
Event: 1267.419 Executing VM operation: ChangeSingleStep done
Event: 1267.419 Executing VM operation: ChangeSingleStep
Event: 1267.419 Executing VM operation: ChangeSingleStep done
Event: 1267.422 Executing VM operation: RedefineClasses
Event: 1267.422 Executing VM operation: RedefineClasses done


Dynamic libraries:
0x000007f6a9550000 - 0x000007f6a9584000 	C:\Program Files\Java\jre1.8.0_31\bin\javaw.exe
0x000007fd7d500000 - 0x000007fd7d6be000 	C:\Windows\SYSTEM32\ntdll.dll
0x000007fd7ac30000 - 0x000007fd7ad67000 	C:\Windows\system32\KERNEL32.DLL
0x000007fd7a630000 - 0x000007fd7a724000 	C:\Windows\system32\KERNELBASE.dll
0x000007fd7c880000 - 0x000007fd7c95e000 	C:\Windows\system32\ADVAPI32.dll
0x000007fd7c090000 - 0x000007fd7c1dc000 	C:\Windows\system32\USER32.dll
0x000007fd78780000 - 0x000007fd789ea000 	C:\Windows\WinSxS\amd64_microsoft.windows.common-controls_6595b64144ccf1df_6.0.9200.16579_none_418ab7ef718b27ef\COMCTL32.dll
0x000007fd7d0a0000 - 0x000007fd7d145000 	C:\Windows\system32\msvcrt.dll
0x000007fd7ce20000 - 0x000007fd7ce68000 	C:\Windows\SYSTEM32\sechost.dll
0x000007fd7d2d0000 - 0x000007fd7d415000 	C:\Windows\system32\RPCRT4.dll
0x000007fd7a8e0000 - 0x000007fd7aa21000 	C:\Windows\system32\GDI32.dll
0x000007fd7ad70000 - 0x000007fd7ada9000 	C:\Windows\system32\IMM32.DLL
0x000007fd7aa30000 - 0x000007fd7ab46000 	C:\Windows\system32\MSCTF.dll
0x000007fd7a340000 - 0x000007fd7a36f000 	C:\Windows\system32\nvinitx.dll
0x0000000066ab0000 - 0x0000000066b82000 	C:\Program Files\Java\jre1.8.0_31\bin\msvcr100.dll
0x0000000066c50000 - 0x00000000674aa000 	C:\Program Files\Java\jre1.8.0_31\bin\server\jvm.dll
0x000007fd73250000 - 0x000007fd73259000 	C:\Windows\SYSTEM32\WSOCK32.dll
0x000007fd76dc0000 - 0x000007fd76de0000 	C:\Windows\SYSTEM32\WINMM.dll
0x000007fd7cf20000 - 0x000007fd7cf27000 	C:\Windows\system32\PSAPI.DLL
0x000007fd7cb30000 - 0x000007fd7cb88000 	C:\Windows\system32\WS2_32.dll
0x000007fd76d70000 - 0x000007fd76da3000 	C:\Windows\SYSTEM32\WINMMBASE.dll
0x000007fd7d470000 - 0x000007fd7d479000 	C:\Windows\system32\NSI.dll
0x000007fd7a7b0000 - 0x000007fd7a7ff000 	C:\Windows\SYSTEM32\cfgmgr32.dll
0x000007fd7a800000 - 0x000007fd7a822000 	C:\Windows\system32\DEVOBJ.dll
0x0000000067b60000 - 0x0000000067b6f000 	C:\Program Files\Java\jre1.8.0_31\bin\verify.dll
0x0000000066c20000 - 0x0000000066c48000 	C:\Program Files\Java\jre1.8.0_31\bin\java.dll
0x0000000066a70000 - 0x0000000066aa5000 	C:\Program Files\Java\jre1.8.0_31\bin\jdwp.dll
0x0000000066a60000 - 0x0000000066a68000 	C:\Program Files\Java\jre1.8.0_31\bin\npt.dll
0x0000000066c00000 - 0x0000000066c16000 	C:\Program Files\Java\jre1.8.0_31\bin\zip.dll
0x000007fd7adb0000 - 0x000007fd7c090000 	C:\Windows\system32\SHELL32.dll
0x000007fd7c1e0000 - 0x000007fd7c390000 	C:\Windows\SYSTEM32\combase.dll
0x000007fd7d420000 - 0x000007fd7d470000 	C:\Windows\system32\SHLWAPI.dll
0x000007fd79530000 - 0x000007fd795c5000 	C:\Windows\SYSTEM32\SHCORE.dll
0x000007fd7a410000 - 0x000007fd7a425000 	C:\Windows\system32\profapi.dll
0x0000000066a50000 - 0x0000000066a59000 	C:\Program Files\Java\jre1.8.0_31\bin\dt_socket.dll
0x000007fd70960000 - 0x000007fd70974000 	C:\Windows\system32\napinsp.dll
0x000007fd70940000 - 0x000007fd70958000 	C:\Windows\system32\pnrpnsp.dll
0x000007fd77c20000 - 0x000007fd77c36000 	C:\Windows\system32\NLAapi.dll
0x000007fd79ba0000 - 0x000007fd79bfc000 	C:\Windows\System32\mswsock.dll
0x000007fd799e0000 - 0x000007fd79a78000 	C:\Windows\SYSTEM32\DNSAPI.dll
0x000007fd70920000 - 0x000007fd70932000 	C:\Windows\System32\winrnr.dll
0x000007fd77220000 - 0x000007fd77281000 	C:\Windows\System32\fwpuclnt.dll
0x000007fd712b0000 - 0x000007fd712b8000 	C:\Windows\System32\rasadhlp.dll
0x000007fd6bd50000 - 0x000007fd6beb3000 	C:\Windows\SYSTEM32\dbghelp.dll

VM Arguments:
jvm_args: -agentlib:jdwp=transport=dt_socket,suspend=y,address=localhost:53372 -Dfile.encoding=UTF-8 
java_command: BullsAndCows
java_class_path (initial): C:\Users\kirill2ll\JavaBasic\JavaMunich\TeamworkMunich\bin
Launcher Type: SUN_STANDARD

Environment Variables:
PATH=C:/Program Files/Java/jre1.8.0_31/bin/server;C:/Program Files/Java/jre1.8.0_31/bin;C:/Program Files/Java/jre1.8.0_31/lib/amd64;C:\ProgramData\Oracle\Java\javapath;C:\Windows\system32;C:\Windows;C:\Windows\System32\Wbem;C:\Windows\System32\WindowsPowerShell\v1.0\;C:\Program Files (x86)\Common Files\Acronis\SnapAPI\;C:\Program Files (x86)\Windows Live\Shared;C:\Program Files\Microsoft\Web Platform Installer\;C:\Program Files (x86)\Microsoft ASP.NET\ASP.NET Web Pages\v1.0\;C:\Program Files\Microsoft SQL Server\110\Tools\Binn\;C:\Program Files (x86)\Windows Kits\8.1\Windows Performance Toolkit\;C:\Program Files\TortoiseSVN\bin;C:\Program Files (x86)\Git\bin;.;;E:\Cloud\progi\eclipse;;.;
USERNAME=kirill2ll
OS=Windows_NT
PROCESSOR_IDENTIFIER=Intel64 Family 6 Model 42 Stepping 7, GenuineIntel



---------------  S Y S T E M  ---------------

OS: Windows 8 , 64 bit Build 9200 

CPU:total 2 (2 cores per cpu, 1 threads per core) family 6 model 42 stepping 7, cmov, cx8, fxsr, mmx, sse, sse2, sse3, ssse3, sse4.1, sse4.2, popcnt, clmul, tsc, tscinvbit

Memory: 4k page, physical 4042604k(1625320k free), swap 6139756k(2183924k free)

vm_info: Java HotSpot(TM) 64-Bit Server VM (25.31-b07) for windows-amd64 JRE (1.8.0_31-b13), built on Dec 17 2014 21:00:28 by "java_re" with MS VC++ 10.0 (VS2010)

time: Fri Jan 30 23:09:38 2015
elapsed time: 1267 seconds (0d 0h 21m 7s)

