#
# A fatal error has been detected by the Java Runtime Environment:
#
#  EXCEPTION_ACCESS_VIOLATION (0xc0000005) at pc=0x0000000066d6a6a5, pid=1736, tid=5616
#
# JRE version: Java(TM) SE Runtime Environment (8.0_31-b13) (build 1.8.0_31-b13)
# Java VM: Java HotSpot(TM) 64-Bit Server VM (25.31-b07 mixed mode windows-amd64 compressed oops)
# Problematic frame:
# V  [jvm.dll+0x11a6a5]
#
# Failed to write core dump. Minidumps are not enabled by default on client versions of Windows
#
# If you would like to submit a bug report, please visit:
#   http://bugreport.java.com/bugreport/crash.jsp
#

---------------  T H R E A D  ---------------

Current thread (0x0000000014c93800):  JavaThread "JDWP Transport Listener: dt_socket" daemon [_thread_in_vm, id=5616, stack(0x0000000015cd0000,0x0000000015dd0000)]

siginfo: ExceptionCode=0xc0000005, reading address 0x000000003b746e65

Registers:
RAX=0x0000000015dcf501, RBX=0x0000000014c93800, RCX=0x000000003b746e65, RDX=0x0000000000000000
RSP=0x0000000015dcf4f0, RBP=0x000000003b746e65, RSI=0x0000000015dcf608, RDI=0x0000000002577c30
R8 =0x0000000014c93800, R9 =0x0000000000000700, R10=0x0000000000000000, R11=0x0000000015dcf7b9
R12=0x0000000000000000, R13=0x0000000014c9cf88, R14=0x0000000000000000, R15=0x0000000000000000
RIP=0x0000000066d6a6a5, EFLAGS=0x0000000000010206

Top of Stack: (sp=0x0000000015dcf4f0)
0x0000000015dcf4f0:   0000000014c93800 0000000014c93800
0x0000000015dcf500:   0000000015dcf5b8 0000000066f67c1b
0x0000000015dcf510:   0000000014c93800 0000000066f8447d
0x0000000015dcf520:   0000000000000000 0000000066a89149
0x0000000015dcf530:   0000000014d0df18 0000000066a92912
0x0000000015dcf540:   0000000014c93800 0000000000000000
0x0000000015dcf550:   0000000000000000 0000000000000000
0x0000000015dcf560:   000000003b746e65 0000000066a91a09
0x0000000015dcf570:   0000000015dcf608 0000000015dcf5e0
0x0000000015dcf580:   0000000000000001 0000000014d0df18
0x0000000015dcf590:   000000003b746e65 0000000066a753b3
0x0000000015dcf5a0:   0000000015dcf6d0 0000000000000001
0x0000000015dcf5b0:   0000000000000001 0000000014d0df18
0x0000000015dcf5c0:   0000000000000009 0000000000000000
0x0000000015dcf5d0:   0000000000000000 0000000000000000
0x0000000015dcf5e0:   0000000000000001 0000000066a75571 

Instructions: (pc=0x0000000066d6a6a5)
0x0000000066d6a685:   cc cc cc cc cc cc cc cc cc cc cc 48 83 ec 28 48
0x0000000066d6a695:   85 c9 75 07 33 c0 48 83 c4 28 c3 48 89 5c 24 20
0x0000000066d6a6a5:   48 8b 19 48 85 db 74 20 48 83 fb 37 74 1a 48 8b
0x0000000066d6a6b5:   13 48 8b cb ff 52 10 84 c0 74 0d 48 8b c3 48 8b 


Register to memory mapping:

RAX=0x0000000015dcf501 is pointing into the stack for thread: 0x0000000014c93800
RBX=0x0000000014c93800 is a thread
RCX=0x000000003b746e65 is an unknown value
RDX=0x0000000000000000 is an unknown value
RSP=0x0000000015dcf4f0 is pointing into the stack for thread: 0x0000000014c93800
RBP=0x000000003b746e65 is an unknown value
RSI=0x0000000015dcf608 is pointing into the stack for thread: 0x0000000014c93800
RDI=0x0000000002577c30 is an unknown value
R8 =0x0000000014c93800 is a thread
R9 =0x0000000000000700 is an unknown value
R10=0x0000000000000000 is an unknown value
R11=0x0000000015dcf7b9 is pointing into the stack for thread: 0x0000000014c93800
R12=0x0000000000000000 is an unknown value
R13=0x0000000014c9cf88 is an unknown value
R14=0x0000000000000000 is an unknown value
R15=0x0000000000000000 is an unknown value


Stack: [0x0000000015cd0000,0x0000000015dd0000],  sp=0x0000000015dcf4f0,  free space=1021k
Native frames: (J=compiled Java code, j=interpreted, Vv=VM code, C=native code)
V  [jvm.dll+0x11a6a5]
V  [jvm.dll+0x33447d]
C  [jdwp.dll+0x21a09]
C  [jdwp.dll+0x53b3]
C  [jdwp.dll+0x5571]
C  [jdwp.dll+0xf09c]
C  [jdwp.dll+0x1f2c9]
C  [jdwp.dll+0x1f49e]
V  [jvm.dll+0x1ac128]
V  [jvm.dll+0x22c194]
V  [jvm.dll+0x28576a]
C  [msvcr100.dll+0x21d9f]
C  [msvcr100.dll+0x21e3b]
C  [KERNEL32.DLL+0x1842]
C  [ntdll.dll+0x57509]


---------------  P R O C E S S  ---------------

Java Threads: ( => current thread )
  0x0000000014d07000 JavaThread "Service Thread" daemon [_thread_blocked, id=520, stack(0x00000000161d0000,0x00000000162d0000)]
  0x0000000014d01800 JavaThread "C1 CompilerThread1" daemon [_thread_blocked, id=1936, stack(0x00000000160d0000,0x00000000161d0000)]
  0x0000000014cb2800 JavaThread "C2 CompilerThread0" daemon [_thread_blocked, id=2148, stack(0x0000000015fd0000,0x00000000160d0000)]
  0x0000000014cac000 JavaThread "JDWP Command Reader" daemon [_thread_in_native, id=5988, stack(0x0000000015ed0000,0x0000000015fd0000)]
  0x0000000014c9e800 JavaThread "JDWP Event Helper Thread" daemon [_thread_blocked, id=2128, stack(0x0000000015dd0000,0x0000000015ed0000)]
=>0x0000000014c93800 JavaThread "JDWP Transport Listener: dt_socket" daemon [_thread_in_vm, id=5616, stack(0x0000000015cd0000,0x0000000015dd0000)]
  0x0000000014c89000 JavaThread "Attach Listener" daemon [_thread_blocked, id=1656, stack(0x0000000015ad0000,0x0000000015bd0000)]
  0x0000000014c88000 JavaThread "Signal Dispatcher" daemon [_thread_blocked, id=84, stack(0x00000000159d0000,0x0000000015ad0000)]
  0x0000000014c46800 JavaThread "Finalizer" daemon [_thread_blocked, id=6688, stack(0x00000000158d0000,0x00000000159d0000)]
  0x0000000014c3f800 JavaThread "Reference Handler" daemon [_thread_blocked, id=2188, stack(0x00000000157d0000,0x00000000158d0000)]
  0x0000000002862800 JavaThread "main" [_thread_blocked, id=40, stack(0x00000000023b0000,0x00000000024b0000)]

Other Threads:
  0x0000000014c3a000 VMThread [stack: 0x00000000156d0000,0x00000000157d0000] [id=6140]
  0x0000000014d0b800 WatcherThread [stack: 0x00000000162d0000,0x00000000163d0000] [id=5748]

VM state:not at safepoint (normal execution)

VM Mutex/Monitor currently owned by a thread: None

Heap:
 PSYoungGen      total 18432K, used 2222K [0x00000000eb700000, 0x00000000ecb80000, 0x0000000100000000)
  eden space 15872K, 14% used [0x00000000eb700000,0x00000000eb92b9f8,0x00000000ec680000)
  from space 2560K, 0% used [0x00000000ec900000,0x00000000ec900000,0x00000000ecb80000)
  to   space 2560K, 0% used [0x00000000ec680000,0x00000000ec680000,0x00000000ec900000)
 ParOldGen       total 42496K, used 0K [0x00000000c2400000, 0x00000000c4d80000, 0x00000000eb700000)
  object space 42496K, 0% used [0x00000000c2400000,0x00000000c2400000,0x00000000c4d80000)
 Metaspace       used 3591K, capacity 4616K, committed 4864K, reserved 1056768K
  class space    used 411K, capacity 432K, committed 512K, reserved 1048576K

Card table byte_map: [0x0000000011d20000,0x0000000011f10000] byte_map_base: 0x000000001170e000

Marking Bits: (ParMarkBitMap*) 0x000000006742d4f0
 Begin Bits: [0x0000000012260000, 0x00000000131d0000)
 End Bits:   [0x00000000131d0000, 0x0000000014140000)

Polling page: 0x00000000024b0000

CodeCache: size=245760Kb used=1215Kb max_used=1215Kb free=244544Kb
 bounds [0x0000000002960000, 0x0000000002bd0000, 0x0000000011960000]
 total_blobs=310 nmethods=65 adapters=168
 compilation: enabled

Compilation events (10 events):
Event: 0.313 Thread 0x0000000014d01800   58       3       java.util.HashSet::add (20 bytes)
Event: 0.313 Thread 0x0000000014d01800 nmethod 58 0x0000000002a89ad0 code [0x0000000002a89c60, 0x0000000002a8a178]
Event: 0.313 Thread 0x0000000014d01800   61       1       java.lang.String::length (6 bytes)
Event: 0.313 Thread 0x0000000014d01800 nmethod 61 0x0000000002a897d0 code [0x0000000002a89920, 0x0000000002a89a30]
Event: 0.313 Thread 0x0000000014d01800   60       1       java.util.ArrayList::size (5 bytes)
Event: 0.313 Thread 0x0000000014d01800 nmethod 60 0x0000000002a89510 code [0x0000000002a89660, 0x0000000002a89770]
Event: 0.313 Thread 0x0000000014d01800   62       1       java.lang.ref.Reference::get (5 bytes)
Event: 0.313 Thread 0x0000000014d01800 nmethod 62 0x0000000002a89250 code [0x0000000002a893a0, 0x0000000002a894b0]
Event: 0.313 Thread 0x0000000014d01800   63       3       java.util.concurrent.ConcurrentHashMap::setTabAt (19 bytes)
Event: 0.314 Thread 0x0000000014d01800 nmethod 63 0x0000000002a8e210 code [0x0000000002a8e360, 0x0000000002a8e4d0]

GC Heap History (0 events):
No events

Deoptimization events (0 events):
No events

Internal exceptions (10 events):
Event: 0.247 Thread 0x0000000002862800 Exception <a 'java/security/PrivilegedActionException'> (0x00000000eb7af3a0) thrown at [C:\workspace\8-2-build-windows-amd64-cygwin\jdk8u31\2394\hotspot\src\share\vm\prims\jvm.cpp, line 1312]
Event: 0.258 Thread 0x0000000002862800 Exception <a 'java/security/PrivilegedActionException'> (0x00000000eb7b5428) thrown at [C:\workspace\8-2-build-windows-amd64-cygwin\jdk8u31\2394\hotspot\src\share\vm\prims\jvm.cpp, line 1312]
Event: 0.281 Thread 0x0000000002862800 Exception <a 'java/security/PrivilegedActionException'> (0x00000000eb7dbc10) thrown at [C:\workspace\8-2-build-windows-amd64-cygwin\jdk8u31\2394\hotspot\src\share\vm\prims\jvm.cpp, line 1312]
Event: 0.281 Thread 0x0000000002862800 Exception <a 'java/security/PrivilegedActionException'> (0x00000000eb7dbf58) thrown at [C:\workspace\8-2-build-windows-amd64-cygwin\jdk8u31\2394\hotspot\src\share\vm\prims\jvm.cpp, line 1312]
Event: 0.281 Thread 0x0000000002862800 Exception <a 'java/security/PrivilegedActionException'> (0x00000000eb7dfbe0) thrown at [C:\workspace\8-2-build-windows-amd64-cygwin\jdk8u31\2394\hotspot\src\share\vm\prims\jvm.cpp, line 1312]
Event: 0.281 Thread 0x0000000002862800 Exception <a 'java/security/PrivilegedActionException'> (0x00000000eb7dff28) thrown at [C:\workspace\8-2-build-windows-amd64-cygwin\jdk8u31\2394\hotspot\src\share\vm\prims\jvm.cpp, line 1312]
Event: 0.312 Thread 0x0000000002862800 Exception <a 'java/security/PrivilegedActionException'> (0x00000000eb8cf900) thrown at [C:\workspace\8-2-build-windows-amd64-cygwin\jdk8u31\2394\hotspot\src\share\vm\prims\jvm.cpp, line 1312]
Event: 0.313 Thread 0x0000000002862800 Exception <a 'java/security/PrivilegedActionException'> (0x00000000eb8d0b50) thrown at [C:\workspace\8-2-build-windows-amd64-cygwin\jdk8u31\2394\hotspot\src\share\vm\prims\jvm.cpp, line 1312]
Event: 85.885 Thread 0x0000000002862800 Exception <a 'java/security/PrivilegedActionException'> (0x00000000eb8da910) thrown at [C:\workspace\8-2-build-windows-amd64-cygwin\jdk8u31\2394\hotspot\src\share\vm\prims\jvm.cpp, line 1312]
Event: 86.833 Thread 0x0000000002862800 Exception <a 'java/security/PrivilegedActionException'> (0x00000000eb8dbaf8) thrown at [C:\workspace\8-2-build-windows-amd64-cygwin\jdk8u31\2394\hotspot\src\share\vm\prims\jvm.cpp, line 1312]

Events (10 events):
Event: 1811.919 Executing VM operation: GetCurrentLocation
Event: 1811.919 Executing VM operation: GetCurrentLocation done
Event: 1811.919 Executing VM operation: EnterInterpOnlyMode
Event: 1811.919 Executing VM operation: EnterInterpOnlyMode done
Event: 1811.919 Executing VM operation: ChangeSingleStep
Event: 1811.919 Executing VM operation: ChangeSingleStep done
Event: 1811.919 Executing VM operation: ChangeSingleStep
Event: 1811.919 Executing VM operation: ChangeSingleStep done
Event: 1811.922 Executing VM operation: RedefineClasses
Event: 1811.922 Executing VM operation: RedefineClasses done


Dynamic libraries:
0x000007f6a9550000 - 0x000007f6a9584000 	C:\Program Files\Java\jre1.8.0_31\bin\javaw.exe
0x000007fd7d500000 - 0x000007fd7d6be000 	C:\Windows\SYSTEM32\ntdll.dll
0x000007fd7ac30000 - 0x000007fd7ad67000 	C:\Windows\system32\KERNEL32.DLL
0x000007fd7a630000 - 0x000007fd7a724000 	C:\Windows\system32\KERNELBASE.dll
0x000007fd7c880000 - 0x000007fd7c95e000 	C:\Windows\system32\ADVAPI32.dll
0x000007fd7c090000 - 0x000007fd7c1dc000 	C:\Windows\system32\USER32.dll
0x000007fd78780000 - 0x000007fd789ea000 	C:\Windows\WinSxS\amd64_microsoft.windows.common-controls_6595b64144ccf1df_6.0.9200.16579_none_418ab7ef718b27ef\COMCTL32.dll
0x000007fd7d0a0000 - 0x000007fd7d145000 	C:\Windows\system32\msvcrt.dll
0x000007fd7ce20000 - 0x000007fd7ce68000 	C:\Windows\SYSTEM32\sechost.dll
0x000007fd7d2d0000 - 0x000007fd7d415000 	C:\Windows\system32\RPCRT4.dll
0x000007fd7a8e0000 - 0x000007fd7aa21000 	C:\Windows\system32\GDI32.dll
0x000007fd7ad70000 - 0x000007fd7ada9000 	C:\Windows\system32\IMM32.DLL
0x000007fd7aa30000 - 0x000007fd7ab46000 	C:\Windows\system32\MSCTF.dll
0x000007fd7a340000 - 0x000007fd7a36f000 	C:\Windows\system32\nvinitx.dll
0x0000000066ab0000 - 0x0000000066b82000 	C:\Program Files\Java\jre1.8.0_31\bin\msvcr100.dll
0x0000000066c50000 - 0x00000000674aa000 	C:\Program Files\Java\jre1.8.0_31\bin\server\jvm.dll
0x000007fd73250000 - 0x000007fd73259000 	C:\Windows\SYSTEM32\WSOCK32.dll
0x000007fd76dc0000 - 0x000007fd76de0000 	C:\Windows\SYSTEM32\WINMM.dll
0x000007fd7cf20000 - 0x000007fd7cf27000 	C:\Windows\system32\PSAPI.DLL
0x000007fd7cb30000 - 0x000007fd7cb88000 	C:\Windows\system32\WS2_32.dll
0x000007fd76d70000 - 0x000007fd76da3000 	C:\Windows\SYSTEM32\WINMMBASE.dll
0x000007fd7d470000 - 0x000007fd7d479000 	C:\Windows\system32\NSI.dll
0x000007fd7a7b0000 - 0x000007fd7a7ff000 	C:\Windows\SYSTEM32\cfgmgr32.dll
0x000007fd7a800000 - 0x000007fd7a822000 	C:\Windows\system32\DEVOBJ.dll
0x0000000067b60000 - 0x0000000067b6f000 	C:\Program Files\Java\jre1.8.0_31\bin\verify.dll
0x0000000066c20000 - 0x0000000066c48000 	C:\Program Files\Java\jre1.8.0_31\bin\java.dll
0x0000000066a70000 - 0x0000000066aa5000 	C:\Program Files\Java\jre1.8.0_31\bin\jdwp.dll
0x0000000066a60000 - 0x0000000066a68000 	C:\Program Files\Java\jre1.8.0_31\bin\npt.dll
0x0000000066c00000 - 0x0000000066c16000 	C:\Program Files\Java\jre1.8.0_31\bin\zip.dll
0x000007fd7adb0000 - 0x000007fd7c090000 	C:\Windows\system32\SHELL32.dll
0x000007fd7c1e0000 - 0x000007fd7c390000 	C:\Windows\SYSTEM32\combase.dll
0x000007fd7d420000 - 0x000007fd7d470000 	C:\Windows\system32\SHLWAPI.dll
0x000007fd79530000 - 0x000007fd795c5000 	C:\Windows\SYSTEM32\SHCORE.dll
0x000007fd7a410000 - 0x000007fd7a425000 	C:\Windows\system32\profapi.dll
0x0000000066a50000 - 0x0000000066a59000 	C:\Program Files\Java\jre1.8.0_31\bin\dt_socket.dll
0x000007fd70960000 - 0x000007fd70974000 	C:\Windows\system32\napinsp.dll
0x000007fd70940000 - 0x000007fd70958000 	C:\Windows\system32\pnrpnsp.dll
0x000007fd77c20000 - 0x000007fd77c36000 	C:\Windows\system32\NLAapi.dll
0x000007fd79ba0000 - 0x000007fd79bfc000 	C:\Windows\System32\mswsock.dll
0x000007fd799e0000 - 0x000007fd79a78000 	C:\Windows\SYSTEM32\DNSAPI.dll
0x000007fd70920000 - 0x000007fd70932000 	C:\Windows\System32\winrnr.dll
0x000007fd77220000 - 0x000007fd77281000 	C:\Windows\System32\fwpuclnt.dll
0x000007fd712b0000 - 0x000007fd712b8000 	C:\Windows\System32\rasadhlp.dll
0x000007fd6bd50000 - 0x000007fd6beb3000 	C:\Windows\SYSTEM32\dbghelp.dll

VM Arguments:
jvm_args: -agentlib:jdwp=transport=dt_socket,suspend=y,address=localhost:53239 -Dfile.encoding=UTF-8 
java_command: BullsAndCows
java_class_path (initial): C:\Users\kirill2ll\JavaBasic\JavaMunich\TeamworkMunich\bin
Launcher Type: SUN_STANDARD

Environment Variables:
PATH=C:/Program Files/Java/jre1.8.0_31/bin/server;C:/Program Files/Java/jre1.8.0_31/bin;C:/Program Files/Java/jre1.8.0_31/lib/amd64;C:\ProgramData\Oracle\Java\javapath;C:\Windows\system32;C:\Windows;C:\Windows\System32\Wbem;C:\Windows\System32\WindowsPowerShell\v1.0\;C:\Program Files (x86)\Common Files\Acronis\SnapAPI\;C:\Program Files (x86)\Windows Live\Shared;C:\Program Files\Microsoft\Web Platform Installer\;C:\Program Files (x86)\Microsoft ASP.NET\ASP.NET Web Pages\v1.0\;C:\Program Files\Microsoft SQL Server\110\Tools\Binn\;C:\Program Files (x86)\Windows Kits\8.1\Windows Performance Toolkit\;C:\Program Files\TortoiseSVN\bin;C:\Program Files (x86)\Git\bin;.;;E:\Cloud\progi\eclipse;;.;
USERNAME=kirill2ll
OS=Windows_NT
PROCESSOR_IDENTIFIER=Intel64 Family 6 Model 42 Stepping 7, GenuineIntel



---------------  S Y S T E M  ---------------

OS: Windows 8 , 64 bit Build 9200 

CPU:total 2 (2 cores per cpu, 1 threads per core) family 6 model 42 stepping 7, cmov, cx8, fxsr, mmx, sse, sse2, sse3, ssse3, sse4.1, sse4.2, popcnt, clmul, tsc, tscinvbit

Memory: 4k page, physical 4042604k(1596600k free), swap 6139756k(1808224k free)

vm_info: Java HotSpot(TM) 64-Bit Server VM (25.31-b07) for windows-amd64 JRE (1.8.0_31-b13), built on Dec 17 2014 21:00:28 by "java_re" with MS VC++ 10.0 (VS2010)

time: Fri Jan 30 23:09:38 2015
elapsed time: 1811 seconds (0d 0h 30m 11s)

